22-Dec-2021 10:25:22.955 信息 [main] org.apache.catalina.startup.VersionLoggerListener.log Server.服务器版本: Apache Tomcat/9.0.56
22-Dec-2021 10:25:22.974 信息 [main] org.apache.catalina.startup.VersionLoggerListener.log 服务器构建:        Dec 2 2021 14:30:07 UTC
22-Dec-2021 10:25:22.975 信息 [main] org.apache.catalina.startup.VersionLoggerListener.log 服务器版本号:      9.0.56.0
22-Dec-2021 10:25:22.976 信息 [main] org.apache.catalina.startup.VersionLoggerListener.log 操作系统名称:      Windows 10
22-Dec-2021 10:25:22.976 信息 [main] org.apache.catalina.startup.VersionLoggerListener.log OS.版本:           10.0
22-Dec-2021 10:25:22.976 信息 [main] org.apache.catalina.startup.VersionLoggerListener.log 架构:              amd64
22-Dec-2021 10:25:22.976 信息 [main] org.apache.catalina.startup.VersionLoggerListener.log Java 环境变量:     D:\JAVA\JDK1.8\jre
22-Dec-2021 10:25:22.976 信息 [main] org.apache.catalina.startup.VersionLoggerListener.log Java虚拟机版本:    1.8.0_312-b07
22-Dec-2021 10:25:22.976 信息 [main] org.apache.catalina.startup.VersionLoggerListener.log JVM.供应商:        Amazon.com Inc.
22-Dec-2021 10:25:22.976 信息 [main] org.apache.catalina.startup.VersionLoggerListener.log CATALINA_BASE:     E:\coding_files\apache-tomcat-9.0.56
22-Dec-2021 10:25:22.976 信息 [main] org.apache.catalina.startup.VersionLoggerListener.log CATALINA_HOME:     E:\coding_files\apache-tomcat-9.0.56
22-Dec-2021 10:25:22.992 信息 [main] org.apache.catalina.startup.VersionLoggerListener.log 命令行参数：       -Djava.util.logging.config.file=E:\coding_files\apache-tomcat-9.0.56\conf\logging.properties
22-Dec-2021 10:25:22.992 信息 [main] org.apache.catalina.startup.VersionLoggerListener.log 命令行参数：       -Djava.util.logging.manager=org.apache.juli.ClassLoaderLogManager
22-Dec-2021 10:25:22.992 信息 [main] org.apache.catalina.startup.VersionLoggerListener.log 命令行参数：       -Djdk.tls.ephemeralDHKeySize=2048
22-Dec-2021 10:25:22.992 信息 [main] org.apache.catalina.startup.VersionLoggerListener.log 命令行参数：       -Djava.protocol.handler.pkgs=org.apache.catalina.webresources
22-Dec-2021 10:25:22.992 信息 [main] org.apache.catalina.startup.VersionLoggerListener.log 命令行参数：       -Dignore.endorsed.dirs=
22-Dec-2021 10:25:22.992 信息 [main] org.apache.catalina.startup.VersionLoggerListener.log 命令行参数：       -Dcatalina.base=E:\coding_files\apache-tomcat-9.0.56
22-Dec-2021 10:25:22.992 信息 [main] org.apache.catalina.startup.VersionLoggerListener.log 命令行参数：       -Dcatalina.home=E:\coding_files\apache-tomcat-9.0.56
22-Dec-2021 10:25:22.993 信息 [main] org.apache.catalina.startup.VersionLoggerListener.log 命令行参数：       -Djava.io.tmpdir=E:\coding_files\apache-tomcat-9.0.56\temp
22-Dec-2021 10:25:23.972 信息 [main] org.apache.catalina.core.AprLifecycleListener.lifecycleEvent 使用APR版本[1.7.0]加载了基于APR的Apache Tomcat本机库[1.2.31]。
22-Dec-2021 10:25:23.972 信息 [main] org.apache.catalina.core.AprLifecycleListener.lifecycleEvent APR功能：IPv6[true]、sendfile[true]、accept filters[false]、random[true]、UDS [true]。
22-Dec-2021 10:25:23.974 信息 [main] org.apache.catalina.core.AprLifecycleListener.lifecycleEvent APR/OpenSSL配置：useAprConnector[false]，useOpenSSL[true]
22-Dec-2021 10:25:23.980 信息 [main] org.apache.catalina.core.AprLifecycleListener.initializeSSL OpenSSL成功初始化 [OpenSSL 1.1.1l  24 Aug 2021]
22-Dec-2021 10:25:24.684 信息 [main] org.apache.coyote.AbstractProtocol.init 初始化协议处理器 ["http-nio-8080"]
22-Dec-2021 10:25:24.706 信息 [main] org.apache.coyote.AbstractProtocol.init 初始化协议处理器 ["https-openssl-nio-8443"]
22-Dec-2021 10:25:24.746 严重 [main] org.apache.catalina.util.LifecycleBase.handleSubClassException 初始化组件[Connector[HTTP/1.1-8443]]失败。
	org.apache.catalina.LifecycleException: 协议处理程序初始化失败
		at org.apache.catalina.connector.Connector.initInternal(Connector.java:1049)
		at org.apache.catalina.util.LifecycleBase.init(LifecycleBase.java:136)
		at org.apache.catalina.core.StandardService.initInternal(StandardService.java:556)
		at org.apache.catalina.util.LifecycleBase.init(LifecycleBase.java:136)
		at org.apache.catalina.core.StandardServer.initInternal(StandardServer.java:1042)
		at org.apache.catalina.util.LifecycleBase.init(LifecycleBase.java:136)
		at org.apache.catalina.startup.Catalina.load(Catalina.java:724)
		at org.apache.catalina.startup.Catalina.load(Catalina.java:746)
		at sun.reflect.NativeMethodAccessorImpl.invoke0(Native Method)
		at sun.reflect.NativeMethodAccessorImpl.invoke(NativeMethodAccessorImpl.java:62)
		at sun.reflect.DelegatingMethodAccessorImpl.invoke(DelegatingMethodAccessorImpl.java:43)
		at java.lang.reflect.Method.invoke(Method.java:498)
		at org.apache.catalina.startup.Bootstrap.load(Bootstrap.java:305)
		at org.apache.catalina.startup.Bootstrap.main(Bootstrap.java:475)
	Caused by: java.lang.IllegalArgumentException: E:\coding_files\apache-tomcat-9.0.56\conf\localhost-rsa.jks (系统找不到指定的文件。)
		at org.apache.tomcat.util.net.AbstractJsseEndpoint.createSSLContext(AbstractJsseEndpoint.java:99)
		at org.apache.tomcat.util.net.AbstractJsseEndpoint.initialiseSsl(AbstractJsseEndpoint.java:71)
		at org.apache.tomcat.util.net.NioEndpoint.bind(NioEndpoint.java:233)
		at org.apache.tomcat.util.net.AbstractEndpoint.bindWithCleanup(AbstractEndpoint.java:1213)
		at org.apache.tomcat.util.net.AbstractEndpoint.init(AbstractEndpoint.java:1226)
		at org.apache.coyote.AbstractProtocol.init(AbstractProtocol.java:603)
		at org.apache.coyote.http11.AbstractHttp11Protocol.init(AbstractHttp11Protocol.java:80)
		at org.apache.catalina.connector.Connector.initInternal(Connector.java:1046)
		... 13 more
	Caused by: java.io.FileNotFoundException: E:\coding_files\apache-tomcat-9.0.56\conf\localhost-rsa.jks (系统找不到指定的文件。)
		at java.io.FileInputStream.open0(Native Method)
		at java.io.FileInputStream.open(FileInputStream.java:195)
		at java.io.FileInputStream.<init>(FileInputStream.java:138)
		at java.io.FileInputStream.<init>(FileInputStream.java:93)
		at sun.net.www.protocol.file.FileURLConnection.connect(FileURLConnection.java:90)
		at sun.net.www.protocol.file.FileURLConnection.getInputStream(FileURLConnection.java:188)
		at org.apache.catalina.startup.CatalinaBaseConfigurationSource.getResource(CatalinaBaseConfigurationSource.java:118)
		at org.apache.tomcat.util.net.SSLUtilBase.getStore(SSLUtilBase.java:197)
		at org.apache.tomcat.util.net.SSLHostConfigCertificate.getCertificateKeystore(SSLHostConfigCertificate.java:207)
		at org.apache.tomcat.util.net.SSLUtilBase.getKeyManagers(SSLUtilBase.java:281)
		at org.apache.tomcat.util.net.openssl.OpenSSLUtil.getKeyManagers(OpenSSLUtil.java:98)
		at org.apache.tomcat.util.net.SSLUtilBase.createSSLContext(SSLUtilBase.java:245)
		at org.apache.tomcat.util.net.AbstractJsseEndpoint.createSSLContext(AbstractJsseEndpoint.java:97)
		... 20 more
22-Dec-2021 10:25:24.747 信息 [main] org.apache.catalina.startup.Catalina.load 服务器在[1996]毫秒内初始化
22-Dec-2021 10:25:24.794 信息 [main] org.apache.catalina.core.StandardService.startInternal 正在启动服务[Catalina]
22-Dec-2021 10:25:24.795 信息 [main] org.apache.catalina.core.StandardEngine.startInternal 正在启动 Servlet 引擎：[Apache Tomcat/9.0.56]
22-Dec-2021 10:25:24.822 信息 [main] org.apache.catalina.startup.HostConfig.deployWAR 正在部署web应用程序存档文件[E:\coding_files\apache-tomcat-9.0.56\webapps\hotelManagement.war]
22-Dec-2021 10:25:30.419 信息 [main] org.apache.jasper.servlet.TldScanner.scanJars 至少有一个JAR被扫描用于TLD但尚未包含TLD。 为此记录器启用调试日志记录，以获取已扫描但未在其中找到TLD的完整JAR列表。 在扫描期间跳过不需要的JAR可以缩短启动时间和JSP编译时间。
22-Dec-2021 10:25:33.171 警告 [main] org.apache.catalina.util.SessionIdGeneratorBase.createSecureRandom 使用[SHA1PRNG]创建会话ID生成的SecureRandom实例花费了[346]毫秒。
22-Dec-2021 10:25:33.309 信息 [main] org.apache.catalina.startup.HostConfig.deployWAR web应用程序存档文件[E:\coding_files\apache-tomcat-9.0.56\webapps\hotelManagement.war]的部署已在[8,487]ms内完成
22-Dec-2021 10:25:33.317 信息 [main] org.apache.catalina.startup.HostConfig.deployWAR 正在部署web应用程序存档文件[E:\coding_files\apache-tomcat-9.0.56\webapps\resale.war]
22-Dec-2021 10:25:37.361 信息 [main] org.apache.jasper.servlet.TldScanner.scanJars 至少有一个JAR被扫描用于TLD但尚未包含TLD。 为此记录器启用调试日志记录，以获取已扫描但未在其中找到TLD的完整JAR列表。 在扫描期间跳过不需要的JAR可以缩短启动时间和JSP编译时间。
22-Dec-2021 10:25:39.533 信息 [main] org.apache.catalina.startup.HostConfig.deployWAR web应用程序存档文件[E:\coding_files\apache-tomcat-9.0.56\webapps\resale.war]的部署已在[6,216]ms内完成
22-Dec-2021 10:25:39.535 信息 [main] org.apache.catalina.startup.HostConfig.deployDirectory 把web 应用程序部署到目录 [E:\coding_files\apache-tomcat-9.0.56\webapps\docs]
22-Dec-2021 10:25:39.570 信息 [main] org.apache.catalina.startup.HostConfig.deployDirectory Web应用程序目录[E:\coding_files\apache-tomcat-9.0.56\webapps\docs]的部署已在[35]毫秒内完成
22-Dec-2021 10:25:39.570 信息 [main] org.apache.catalina.startup.HostConfig.deployDirectory 把web 应用程序部署到目录 [E:\coding_files\apache-tomcat-9.0.56\webapps\examples]
22-Dec-2021 10:25:40.792 信息 [main] org.apache.catalina.startup.HostConfig.deployDirectory Web应用程序目录[E:\coding_files\apache-tomcat-9.0.56\webapps\examples]的部署已在[1,222]毫秒内完成
22-Dec-2021 10:25:40.792 信息 [main] org.apache.catalina.startup.HostConfig.deployDirectory 把web 应用程序部署到目录 [E:\coding_files\apache-tomcat-9.0.56\webapps\host-manager]
22-Dec-2021 10:25:40.835 信息 [main] org.apache.catalina.startup.HostConfig.deployDirectory Web应用程序目录[E:\coding_files\apache-tomcat-9.0.56\webapps\host-manager]的部署已在[43]毫秒内完成
22-Dec-2021 10:25:40.835 信息 [main] org.apache.catalina.startup.HostConfig.deployDirectory 把web 应用程序部署到目录 [E:\coding_files\apache-tomcat-9.0.56\webapps\javaweb_01_war]
22-Dec-2021 10:25:40.922 信息 [main] org.apache.jasper.servlet.TldScanner.scanJars 至少有一个JAR被扫描用于TLD但尚未包含TLD。 为此记录器启用调试日志记录，以获取已扫描但未在其中找到TLD的完整JAR列表。 在扫描期间跳过不需要的JAR可以缩短启动时间和JSP编译时间。
22-Dec-2021 10:25:40.924 信息 [main] org.apache.catalina.startup.HostConfig.deployDirectory Web应用程序目录[E:\coding_files\apache-tomcat-9.0.56\webapps\javaweb_01_war]的部署已在[89]毫秒内完成
22-Dec-2021 10:25:40.925 信息 [main] org.apache.catalina.startup.HostConfig.deployDirectory 把web 应用程序部署到目录 [E:\coding_files\apache-tomcat-9.0.56\webapps\JavaWeb_war]
22-Dec-2021 10:25:40.970 信息 [main] org.apache.catalina.startup.HostConfig.deployDirectory Web应用程序目录[E:\coding_files\apache-tomcat-9.0.56\webapps\JavaWeb_war]的部署已在[45]毫秒内完成
22-Dec-2021 10:25:40.971 信息 [main] org.apache.catalina.startup.HostConfig.deployDirectory 把web 应用程序部署到目录 [E:\coding_files\apache-tomcat-9.0.56\webapps\LEo]
22-Dec-2021 10:25:40.999 信息 [main] org.apache.catalina.startup.HostConfig.deployDirectory Web应用程序目录[E:\coding_files\apache-tomcat-9.0.56\webapps\LEo]的部署已在[28]毫秒内完成
22-Dec-2021 10:25:41.000 信息 [main] org.apache.catalina.startup.HostConfig.deployDirectory 把web 应用程序部署到目录 [E:\coding_files\apache-tomcat-9.0.56\webapps\manager]
22-Dec-2021 10:25:41.038 信息 [main] org.apache.catalina.startup.HostConfig.deployDirectory Web应用程序目录[E:\coding_files\apache-tomcat-9.0.56\webapps\manager]的部署已在[39]毫秒内完成
22-Dec-2021 10:25:41.038 信息 [main] org.apache.catalina.startup.HostConfig.deployDirectory 把web 应用程序部署到目录 [E:\coding_files\apache-tomcat-9.0.56\webapps\ROOT]
22-Dec-2021 10:25:41.060 信息 [main] org.apache.catalina.startup.HostConfig.deployDirectory Web应用程序目录[E:\coding_files\apache-tomcat-9.0.56\webapps\ROOT]的部署已在[22]毫秒内完成
22-Dec-2021 10:25:41.063 信息 [main] org.apache.coyote.AbstractProtocol.start 开始协议处理句柄["http-nio-8080"]
22-Dec-2021 10:25:41.077 信息 [main] org.apache.catalina.startup.Catalina.start [16325]毫秒后服务器启动
22-Dec-2021 10:43:49.798 信息 [main] org.apache.catalina.startup.VersionLoggerListener.log Server.服务器版本: Apache Tomcat/9.0.56
22-Dec-2021 10:43:49.801 信息 [main] org.apache.catalina.startup.VersionLoggerListener.log 服务器构建:        Dec 2 2021 14:30:07 UTC
22-Dec-2021 10:43:49.803 信息 [main] org.apache.catalina.startup.VersionLoggerListener.log 服务器版本号:      9.0.56.0
22-Dec-2021 10:43:49.803 信息 [main] org.apache.catalina.startup.VersionLoggerListener.log 操作系统名称:      Windows 10
22-Dec-2021 10:43:49.803 信息 [main] org.apache.catalina.startup.VersionLoggerListener.log OS.版本:           10.0
22-Dec-2021 10:43:49.803 信息 [main] org.apache.catalina.startup.VersionLoggerListener.log 架构:              amd64
22-Dec-2021 10:43:49.803 信息 [main] org.apache.catalina.startup.VersionLoggerListener.log Java 环境变量:     D:\JAVA\JDK1.8\jre
22-Dec-2021 10:43:49.803 信息 [main] org.apache.catalina.startup.VersionLoggerListener.log Java虚拟机版本:    1.8.0_312-b07
22-Dec-2021 10:43:49.804 信息 [main] org.apache.catalina.startup.VersionLoggerListener.log JVM.供应商:        Amazon.com Inc.
22-Dec-2021 10:43:49.804 信息 [main] org.apache.catalina.startup.VersionLoggerListener.log CATALINA_BASE:     E:\coding_files\apache-tomcat-9.0.56
22-Dec-2021 10:43:49.804 信息 [main] org.apache.catalina.startup.VersionLoggerListener.log CATALINA_HOME:     E:\coding_files\apache-tomcat-9.0.56
22-Dec-2021 10:43:49.804 信息 [main] org.apache.catalina.startup.VersionLoggerListener.log 命令行参数：       -Djava.util.logging.config.file=E:\coding_files\apache-tomcat-9.0.56\conf\logging.properties
22-Dec-2021 10:43:49.804 信息 [main] org.apache.catalina.startup.VersionLoggerListener.log 命令行参数：       -Djava.util.logging.manager=org.apache.juli.ClassLoaderLogManager
22-Dec-2021 10:43:49.804 信息 [main] org.apache.catalina.startup.VersionLoggerListener.log 命令行参数：       -Djdk.tls.ephemeralDHKeySize=2048
22-Dec-2021 10:43:49.804 信息 [main] org.apache.catalina.startup.VersionLoggerListener.log 命令行参数：       -Djava.protocol.handler.pkgs=org.apache.catalina.webresources
22-Dec-2021 10:43:49.804 信息 [main] org.apache.catalina.startup.VersionLoggerListener.log 命令行参数：       -Dignore.endorsed.dirs=
22-Dec-2021 10:43:49.805 信息 [main] org.apache.catalina.startup.VersionLoggerListener.log 命令行参数：       -Dcatalina.base=E:\coding_files\apache-tomcat-9.0.56
22-Dec-2021 10:43:49.807 信息 [main] org.apache.catalina.startup.VersionLoggerListener.log 命令行参数：       -Dcatalina.home=E:\coding_files\apache-tomcat-9.0.56
22-Dec-2021 10:43:49.807 信息 [main] org.apache.catalina.startup.VersionLoggerListener.log 命令行参数：       -Djava.io.tmpdir=E:\coding_files\apache-tomcat-9.0.56\temp
22-Dec-2021 10:43:49.811 信息 [main] org.apache.catalina.core.AprLifecycleListener.lifecycleEvent 使用APR版本[1.7.0]加载了基于APR的Apache Tomcat本机库[1.2.31]。
22-Dec-2021 10:43:49.811 信息 [main] org.apache.catalina.core.AprLifecycleListener.lifecycleEvent APR功能：IPv6[true]、sendfile[true]、accept filters[false]、random[true]、UDS [true]。
22-Dec-2021 10:43:49.812 信息 [main] org.apache.catalina.core.AprLifecycleListener.lifecycleEvent APR/OpenSSL配置：useAprConnector[false]，useOpenSSL[true]
22-Dec-2021 10:43:49.817 信息 [main] org.apache.catalina.core.AprLifecycleListener.initializeSSL OpenSSL成功初始化 [OpenSSL 1.1.1l  24 Aug 2021]
22-Dec-2021 10:43:50.087 信息 [main] org.apache.coyote.AbstractProtocol.init 初始化协议处理器 ["http-nio-8080"]
22-Dec-2021 10:43:50.106 信息 [main] org.apache.coyote.AbstractProtocol.init 初始化协议处理器 ["https-openssl-nio-8443"]
22-Dec-2021 10:43:50.148 严重 [main] org.apache.catalina.util.LifecycleBase.handleSubClassException 初始化组件[Connector[HTTP/1.1-8443]]失败。
	org.apache.catalina.LifecycleException: 协议处理程序初始化失败
		at org.apache.catalina.connector.Connector.initInternal(Connector.java:1049)
		at org.apache.catalina.util.LifecycleBase.init(LifecycleBase.java:136)
		at org.apache.catalina.core.StandardService.initInternal(StandardService.java:556)
		at org.apache.catalina.util.LifecycleBase.init(LifecycleBase.java:136)
		at org.apache.catalina.core.StandardServer.initInternal(StandardServer.java:1042)
		at org.apache.catalina.util.LifecycleBase.init(LifecycleBase.java:136)
		at org.apache.catalina.startup.Catalina.load(Catalina.java:724)
		at org.apache.catalina.startup.Catalina.load(Catalina.java:746)
		at sun.reflect.NativeMethodAccessorImpl.invoke0(Native Method)
		at sun.reflect.NativeMethodAccessorImpl.invoke(NativeMethodAccessorImpl.java:62)
		at sun.reflect.DelegatingMethodAccessorImpl.invoke(DelegatingMethodAccessorImpl.java:43)
		at java.lang.reflect.Method.invoke(Method.java:498)
		at org.apache.catalina.startup.Bootstrap.load(Bootstrap.java:305)
		at org.apache.catalina.startup.Bootstrap.main(Bootstrap.java:475)
	Caused by: java.lang.IllegalArgumentException: E:\coding_files\apache-tomcat-9.0.56\conf\localhost-rsa.jks (系统找不到指定的文件。)
		at org.apache.tomcat.util.net.AbstractJsseEndpoint.createSSLContext(AbstractJsseEndpoint.java:99)
		at org.apache.tomcat.util.net.AbstractJsseEndpoint.initialiseSsl(AbstractJsseEndpoint.java:71)
		at org.apache.tomcat.util.net.NioEndpoint.bind(NioEndpoint.java:233)
		at org.apache.tomcat.util.net.AbstractEndpoint.bindWithCleanup(AbstractEndpoint.java:1213)
		at org.apache.tomcat.util.net.AbstractEndpoint.init(AbstractEndpoint.java:1226)
		at org.apache.coyote.AbstractProtocol.init(AbstractProtocol.java:603)
		at org.apache.coyote.http11.AbstractHttp11Protocol.init(AbstractHttp11Protocol.java:80)
		at org.apache.catalina.connector.Connector.initInternal(Connector.java:1046)
		... 13 more
	Caused by: java.io.FileNotFoundException: E:\coding_files\apache-tomcat-9.0.56\conf\localhost-rsa.jks (系统找不到指定的文件。)
		at java.io.FileInputStream.open0(Native Method)
		at java.io.FileInputStream.open(FileInputStream.java:195)
		at java.io.FileInputStream.<init>(FileInputStream.java:138)
		at java.io.FileInputStream.<init>(FileInputStream.java:93)
		at sun.net.www.protocol.file.FileURLConnection.connect(FileURLConnection.java:90)
		at sun.net.www.protocol.file.FileURLConnection.getInputStream(FileURLConnection.java:188)
		at org.apache.catalina.startup.CatalinaBaseConfigurationSource.getResource(CatalinaBaseConfigurationSource.java:118)
		at org.apache.tomcat.util.net.SSLUtilBase.getStore(SSLUtilBase.java:197)
		at org.apache.tomcat.util.net.SSLHostConfigCertificate.getCertificateKeystore(SSLHostConfigCertificate.java:207)
		at org.apache.tomcat.util.net.SSLUtilBase.getKeyManagers(SSLUtilBase.java:281)
		at org.apache.tomcat.util.net.openssl.OpenSSLUtil.getKeyManagers(OpenSSLUtil.java:98)
		at org.apache.tomcat.util.net.SSLUtilBase.createSSLContext(SSLUtilBase.java:245)
		at org.apache.tomcat.util.net.AbstractJsseEndpoint.createSSLContext(AbstractJsseEndpoint.java:97)
		... 20 more
22-Dec-2021 10:43:50.149 信息 [main] org.apache.catalina.startup.Catalina.load 服务器在[556]毫秒内初始化
22-Dec-2021 10:43:50.184 信息 [main] org.apache.catalina.core.StandardService.startInternal 正在启动服务[Catalina]
22-Dec-2021 10:43:50.184 信息 [main] org.apache.catalina.core.StandardEngine.startInternal 正在启动 Servlet 引擎：[Apache Tomcat/9.0.56]
22-Dec-2021 10:43:50.202 信息 [main] org.apache.catalina.startup.HostConfig.deployWAR 正在部署web应用程序存档文件[E:\coding_files\apache-tomcat-9.0.56\webapps\hotelManagement.war]
22-Dec-2021 10:43:53.157 信息 [main] org.apache.jasper.servlet.TldScanner.scanJars 至少有一个JAR被扫描用于TLD但尚未包含TLD。 为此记录器启用调试日志记录，以获取已扫描但未在其中找到TLD的完整JAR列表。 在扫描期间跳过不需要的JAR可以缩短启动时间和JSP编译时间。
22-Dec-2021 10:43:56.020 警告 [main] org.apache.catalina.util.SessionIdGeneratorBase.createSecureRandom 使用[SHA1PRNG]创建会话ID生成的SecureRandom实例花费了[326]毫秒。
22-Dec-2021 10:43:56.158 信息 [main] org.apache.catalina.startup.HostConfig.deployWAR web应用程序存档文件[E:\coding_files\apache-tomcat-9.0.56\webapps\hotelManagement.war]的部署已在[5,956]ms内完成
22-Dec-2021 10:43:56.159 信息 [main] org.apache.catalina.startup.HostConfig.deployWAR 正在部署web应用程序存档文件[E:\coding_files\apache-tomcat-9.0.56\webapps\resale.war]
22-Dec-2021 10:43:58.712 信息 [main] org.apache.jasper.servlet.TldScanner.scanJars 至少有一个JAR被扫描用于TLD但尚未包含TLD。 为此记录器启用调试日志记录，以获取已扫描但未在其中找到TLD的完整JAR列表。 在扫描期间跳过不需要的JAR可以缩短启动时间和JSP编译时间。
22-Dec-2021 10:44:01.031 信息 [main] org.apache.catalina.startup.HostConfig.deployWAR web应用程序存档文件[E:\coding_files\apache-tomcat-9.0.56\webapps\resale.war]的部署已在[4,872]ms内完成
22-Dec-2021 10:44:01.032 信息 [main] org.apache.catalina.startup.HostConfig.deployDirectory 把web 应用程序部署到目录 [E:\coding_files\apache-tomcat-9.0.56\webapps\docs]
22-Dec-2021 10:44:01.056 信息 [main] org.apache.catalina.startup.HostConfig.deployDirectory Web应用程序目录[E:\coding_files\apache-tomcat-9.0.56\webapps\docs]的部署已在[24]毫秒内完成
22-Dec-2021 10:44:01.057 信息 [main] org.apache.catalina.startup.HostConfig.deployDirectory 把web 应用程序部署到目录 [E:\coding_files\apache-tomcat-9.0.56\webapps\examples]
22-Dec-2021 10:44:01.384 信息 [main] org.apache.catalina.startup.HostConfig.deployDirectory Web应用程序目录[E:\coding_files\apache-tomcat-9.0.56\webapps\examples]的部署已在[328]毫秒内完成
22-Dec-2021 10:44:01.384 信息 [main] org.apache.catalina.startup.HostConfig.deployDirectory 把web 应用程序部署到目录 [E:\coding_files\apache-tomcat-9.0.56\webapps\host-manager]
22-Dec-2021 10:44:01.413 信息 [main] org.apache.catalina.startup.HostConfig.deployDirectory Web应用程序目录[E:\coding_files\apache-tomcat-9.0.56\webapps\host-manager]的部署已在[28]毫秒内完成
22-Dec-2021 10:44:01.413 信息 [main] org.apache.catalina.startup.HostConfig.deployDirectory 把web 应用程序部署到目录 [E:\coding_files\apache-tomcat-9.0.56\webapps\javaweb_01_war]
22-Dec-2021 10:44:01.470 信息 [main] org.apache.jasper.servlet.TldScanner.scanJars 至少有一个JAR被扫描用于TLD但尚未包含TLD。 为此记录器启用调试日志记录，以获取已扫描但未在其中找到TLD的完整JAR列表。 在扫描期间跳过不需要的JAR可以缩短启动时间和JSP编译时间。
22-Dec-2021 10:44:01.473 信息 [main] org.apache.catalina.startup.HostConfig.deployDirectory Web应用程序目录[E:\coding_files\apache-tomcat-9.0.56\webapps\javaweb_01_war]的部署已在[60]毫秒内完成
22-Dec-2021 10:44:01.474 信息 [main] org.apache.catalina.startup.HostConfig.deployDirectory 把web 应用程序部署到目录 [E:\coding_files\apache-tomcat-9.0.56\webapps\JavaWeb_war]
22-Dec-2021 10:44:01.508 信息 [main] org.apache.catalina.startup.HostConfig.deployDirectory Web应用程序目录[E:\coding_files\apache-tomcat-9.0.56\webapps\JavaWeb_war]的部署已在[34]毫秒内完成
22-Dec-2021 10:44:01.508 信息 [main] org.apache.catalina.startup.HostConfig.deployDirectory 把web 应用程序部署到目录 [E:\coding_files\apache-tomcat-9.0.56\webapps\LEo]
22-Dec-2021 10:44:01.531 信息 [main] org.apache.catalina.startup.HostConfig.deployDirectory Web应用程序目录[E:\coding_files\apache-tomcat-9.0.56\webapps\LEo]的部署已在[23]毫秒内完成
22-Dec-2021 10:44:01.531 信息 [main] org.apache.catalina.startup.HostConfig.deployDirectory 把web 应用程序部署到目录 [E:\coding_files\apache-tomcat-9.0.56\webapps\manager]
22-Dec-2021 10:44:01.556 信息 [main] org.apache.catalina.startup.HostConfig.deployDirectory Web应用程序目录[E:\coding_files\apache-tomcat-9.0.56\webapps\manager]的部署已在[25]毫秒内完成
22-Dec-2021 10:44:01.557 信息 [main] org.apache.catalina.startup.HostConfig.deployDirectory 把web 应用程序部署到目录 [E:\coding_files\apache-tomcat-9.0.56\webapps\ROOT]
22-Dec-2021 10:44:01.576 信息 [main] org.apache.catalina.startup.HostConfig.deployDirectory Web应用程序目录[E:\coding_files\apache-tomcat-9.0.56\webapps\ROOT]的部署已在[19]毫秒内完成
22-Dec-2021 10:44:01.579 信息 [main] org.apache.coyote.AbstractProtocol.start 开始协议处理句柄["http-nio-8080"]
22-Dec-2021 10:44:01.593 信息 [main] org.apache.catalina.startup.Catalina.start [11440]毫秒后服务器启动
