12-Jan-2022 15:59:21.872 信息 [main] org.apache.catalina.startup.VersionLoggerListener.log Server.服务器版本: Apache Tomcat/9.0.56
12-Jan-2022 15:59:21.872 信息 [main] org.apache.catalina.startup.VersionLoggerListener.log 服务器构建:        Dec 2 2021 14:30:07 UTC
12-Jan-2022 15:59:21.872 信息 [main] org.apache.catalina.startup.VersionLoggerListener.log 服务器版本号:      9.0.56.0
12-Jan-2022 15:59:21.882 信息 [main] org.apache.catalina.startup.VersionLoggerListener.log 操作系统名称:      Windows 10
12-Jan-2022 15:59:21.882 信息 [main] org.apache.catalina.startup.VersionLoggerListener.log OS.版本:           10.0
12-Jan-2022 15:59:21.882 信息 [main] org.apache.catalina.startup.VersionLoggerListener.log 架构:              amd64
12-Jan-2022 15:59:21.882 信息 [main] org.apache.catalina.startup.VersionLoggerListener.log Java 环境变量:     D:\JAVA\JDK1.8\jre
12-Jan-2022 15:59:21.882 信息 [main] org.apache.catalina.startup.VersionLoggerListener.log Java虚拟机版本:    1.8.0_312-b07
12-Jan-2022 15:59:21.882 信息 [main] org.apache.catalina.startup.VersionLoggerListener.log JVM.供应商:        Amazon.com Inc.
12-Jan-2022 15:59:21.882 信息 [main] org.apache.catalina.startup.VersionLoggerListener.log CATALINA_BASE:     E:\coding_files\apache-tomcat-9.0.56
12-Jan-2022 15:59:21.882 信息 [main] org.apache.catalina.startup.VersionLoggerListener.log CATALINA_HOME:     E:\coding_files\apache-tomcat-9.0.56
12-Jan-2022 15:59:21.882 信息 [main] org.apache.catalina.startup.VersionLoggerListener.log 命令行参数：       -Djava.util.logging.config.file=E:\coding_files\apache-tomcat-9.0.56\conf\logging.properties
12-Jan-2022 15:59:21.882 信息 [main] org.apache.catalina.startup.VersionLoggerListener.log 命令行参数：       -Djava.util.logging.manager=org.apache.juli.ClassLoaderLogManager
12-Jan-2022 15:59:21.882 信息 [main] org.apache.catalina.startup.VersionLoggerListener.log 命令行参数：       -Djdk.tls.ephemeralDHKeySize=2048
12-Jan-2022 15:59:21.882 信息 [main] org.apache.catalina.startup.VersionLoggerListener.log 命令行参数：       -Djava.protocol.handler.pkgs=org.apache.catalina.webresources
12-Jan-2022 15:59:21.882 信息 [main] org.apache.catalina.startup.VersionLoggerListener.log 命令行参数：       -Dignore.endorsed.dirs=
12-Jan-2022 15:59:21.882 信息 [main] org.apache.catalina.startup.VersionLoggerListener.log 命令行参数：       -Dcatalina.base=E:\coding_files\apache-tomcat-9.0.56
12-Jan-2022 15:59:21.882 信息 [main] org.apache.catalina.startup.VersionLoggerListener.log 命令行参数：       -Dcatalina.home=E:\coding_files\apache-tomcat-9.0.56
12-Jan-2022 15:59:21.882 信息 [main] org.apache.catalina.startup.VersionLoggerListener.log 命令行参数：       -Djava.io.tmpdir=E:\coding_files\apache-tomcat-9.0.56\temp
12-Jan-2022 15:59:21.887 信息 [main] org.apache.catalina.core.AprLifecycleListener.lifecycleEvent 使用APR版本[1.7.0]加载了基于APR的Apache Tomcat本机库[1.2.31]。
12-Jan-2022 15:59:21.887 信息 [main] org.apache.catalina.core.AprLifecycleListener.lifecycleEvent APR功能：IPv6[true]、sendfile[true]、accept filters[false]、random[true]、UDS [true]。
12-Jan-2022 15:59:21.887 信息 [main] org.apache.catalina.core.AprLifecycleListener.lifecycleEvent APR/OpenSSL配置：useAprConnector[false]，useOpenSSL[true]
12-Jan-2022 15:59:21.892 信息 [main] org.apache.catalina.core.AprLifecycleListener.initializeSSL OpenSSL成功初始化 [OpenSSL 1.1.1l  24 Aug 2021]
12-Jan-2022 15:59:22.190 信息 [main] org.apache.coyote.AbstractProtocol.init 初始化协议处理器 ["http-nio-8080"]
12-Jan-2022 15:59:22.206 信息 [main] org.apache.coyote.AbstractProtocol.init 初始化协议处理器 ["https-openssl-nio-8443"]
12-Jan-2022 15:59:22.242 严重 [main] org.apache.catalina.util.LifecycleBase.handleSubClassException 初始化组件[Connector[HTTP/1.1-8443]]失败。
	org.apache.catalina.LifecycleException: 协议处理程序初始化失败
		at org.apache.catalina.connector.Connector.initInternal(Connector.java:1049)
		at org.apache.catalina.util.LifecycleBase.init(LifecycleBase.java:136)
		at org.apache.catalina.core.StandardService.initInternal(StandardService.java:556)
		at org.apache.catalina.util.LifecycleBase.init(LifecycleBase.java:136)
		at org.apache.catalina.core.StandardServer.initInternal(StandardServer.java:1042)
		at org.apache.catalina.util.LifecycleBase.init(LifecycleBase.java:136)
		at org.apache.catalina.startup.Catalina.load(Catalina.java:724)
		at org.apache.catalina.startup.Catalina.load(Catalina.java:746)
		at sun.reflect.NativeMethodAccessorImpl.invoke0(Native Method)
		at sun.reflect.NativeMethodAccessorImpl.invoke(NativeMethodAccessorImpl.java:62)
		at sun.reflect.DelegatingMethodAccessorImpl.invoke(DelegatingMethodAccessorImpl.java:43)
		at java.lang.reflect.Method.invoke(Method.java:498)
		at org.apache.catalina.startup.Bootstrap.load(Bootstrap.java:305)
		at org.apache.catalina.startup.Bootstrap.main(Bootstrap.java:475)
	Caused by: java.lang.IllegalArgumentException: E:\coding_files\apache-tomcat-9.0.56\conf\localhost-rsa.jks (系统找不到指定的文件。)
		at org.apache.tomcat.util.net.AbstractJsseEndpoint.createSSLContext(AbstractJsseEndpoint.java:99)
		at org.apache.tomcat.util.net.AbstractJsseEndpoint.initialiseSsl(AbstractJsseEndpoint.java:71)
		at org.apache.tomcat.util.net.NioEndpoint.bind(NioEndpoint.java:233)
		at org.apache.tomcat.util.net.AbstractEndpoint.bindWithCleanup(AbstractEndpoint.java:1213)
		at org.apache.tomcat.util.net.AbstractEndpoint.init(AbstractEndpoint.java:1226)
		at org.apache.coyote.AbstractProtocol.init(AbstractProtocol.java:603)
		at org.apache.coyote.http11.AbstractHttp11Protocol.init(AbstractHttp11Protocol.java:80)
		at org.apache.catalina.connector.Connector.initInternal(Connector.java:1046)
		... 13 more
	Caused by: java.io.FileNotFoundException: E:\coding_files\apache-tomcat-9.0.56\conf\localhost-rsa.jks (系统找不到指定的文件。)
		at java.io.FileInputStream.open0(Native Method)
		at java.io.FileInputStream.open(FileInputStream.java:195)
		at java.io.FileInputStream.<init>(FileInputStream.java:138)
		at java.io.FileInputStream.<init>(FileInputStream.java:93)
		at sun.net.www.protocol.file.FileURLConnection.connect(FileURLConnection.java:90)
		at sun.net.www.protocol.file.FileURLConnection.getInputStream(FileURLConnection.java:188)
		at org.apache.catalina.startup.CatalinaBaseConfigurationSource.getResource(CatalinaBaseConfigurationSource.java:118)
		at org.apache.tomcat.util.net.SSLUtilBase.getStore(SSLUtilBase.java:197)
		at org.apache.tomcat.util.net.SSLHostConfigCertificate.getCertificateKeystore(SSLHostConfigCertificate.java:207)
		at org.apache.tomcat.util.net.SSLUtilBase.getKeyManagers(SSLUtilBase.java:281)
		at org.apache.tomcat.util.net.openssl.OpenSSLUtil.getKeyManagers(OpenSSLUtil.java:98)
		at org.apache.tomcat.util.net.SSLUtilBase.createSSLContext(SSLUtilBase.java:245)
		at org.apache.tomcat.util.net.AbstractJsseEndpoint.createSSLContext(AbstractJsseEndpoint.java:97)
		... 20 more
12-Jan-2022 15:59:22.242 信息 [main] org.apache.catalina.startup.Catalina.load 服务器在[568]毫秒内初始化
12-Jan-2022 15:59:22.282 信息 [main] org.apache.catalina.core.StandardService.startInternal 正在启动服务[Catalina]
12-Jan-2022 15:59:22.282 信息 [main] org.apache.catalina.core.StandardEngine.startInternal 正在启动 Servlet 引擎：[Apache Tomcat/9.0.56]
12-Jan-2022 15:59:22.302 信息 [main] org.apache.catalina.startup.HostConfig.deployWAR 正在部署web应用程序存档文件[E:\coding_files\apache-tomcat-9.0.56\webapps\alltogether_sec-1.war]
12-Jan-2022 15:59:26.627 信息 [main] org.apache.jasper.servlet.TldScanner.scanJars 至少有一个JAR被扫描用于TLD但尚未包含TLD。 为此记录器启用调试日志记录，以获取已扫描但未在其中找到TLD的完整JAR列表。 在扫描期间跳过不需要的JAR可以缩短启动时间和JSP编译时间。
12-Jan-2022 15:59:27.050 警告 [main] org.apache.catalina.util.SessionIdGeneratorBase.createSecureRandom 使用[SHA1PRNG]创建会话ID生成的SecureRandom实例花费了[298]毫秒。
12-Jan-2022 15:59:27.072 信息 [main] org.apache.catalina.startup.HostConfig.deployWAR web应用程序存档文件[E:\coding_files\apache-tomcat-9.0.56\webapps\alltogether_sec-1.war]的部署已在[4,765]ms内完成
12-Jan-2022 15:59:27.072 信息 [main] org.apache.catalina.startup.HostConfig.deployDirectory 把web 应用程序部署到目录 [E:\coding_files\apache-tomcat-9.0.56\webapps\docs]
12-Jan-2022 15:59:27.107 信息 [main] org.apache.catalina.startup.HostConfig.deployDirectory Web应用程序目录[E:\coding_files\apache-tomcat-9.0.56\webapps\docs]的部署已在[35]毫秒内完成
12-Jan-2022 15:59:27.107 信息 [main] org.apache.catalina.startup.HostConfig.deployDirectory 把web 应用程序部署到目录 [E:\coding_files\apache-tomcat-9.0.56\webapps\examples]
12-Jan-2022 15:59:28.387 信息 [main] org.apache.catalina.startup.HostConfig.deployDirectory Web应用程序目录[E:\coding_files\apache-tomcat-9.0.56\webapps\examples]的部署已在[1,280]毫秒内完成
12-Jan-2022 15:59:28.387 信息 [main] org.apache.catalina.startup.HostConfig.deployDirectory 把web 应用程序部署到目录 [E:\coding_files\apache-tomcat-9.0.56\webapps\LEo]
12-Jan-2022 15:59:28.412 信息 [main] org.apache.catalina.startup.HostConfig.deployDirectory Web应用程序目录[E:\coding_files\apache-tomcat-9.0.56\webapps\LEo]的部署已在[25]毫秒内完成
12-Jan-2022 15:59:28.412 信息 [main] org.apache.catalina.startup.HostConfig.deployDirectory 把web 应用程序部署到目录 [E:\coding_files\apache-tomcat-9.0.56\webapps\manager]
12-Jan-2022 15:59:28.472 信息 [main] org.apache.catalina.startup.HostConfig.deployDirectory Web应用程序目录[E:\coding_files\apache-tomcat-9.0.56\webapps\manager]的部署已在[60]毫秒内完成
12-Jan-2022 15:59:28.472 信息 [main] org.apache.catalina.startup.HostConfig.deployDirectory 把web 应用程序部署到目录 [E:\coding_files\apache-tomcat-9.0.56\webapps\ROOT]
12-Jan-2022 15:59:28.492 信息 [main] org.apache.catalina.startup.HostConfig.deployDirectory Web应用程序目录[E:\coding_files\apache-tomcat-9.0.56\webapps\ROOT]的部署已在[20]毫秒内完成
12-Jan-2022 15:59:28.502 信息 [main] org.apache.coyote.AbstractProtocol.start 开始协议处理句柄["http-nio-8080"]
12-Jan-2022 15:59:28.512 信息 [main] org.apache.catalina.startup.Catalina.start [6268]毫秒后服务器启动
12-Jan-2022 16:07:38.144 信息 [main] org.apache.catalina.startup.VersionLoggerListener.log Server.服务器版本: Apache Tomcat/9.0.56
12-Jan-2022 16:07:38.147 信息 [main] org.apache.catalina.startup.VersionLoggerListener.log 服务器构建:        Dec 2 2021 14:30:07 UTC
12-Jan-2022 16:07:38.148 信息 [main] org.apache.catalina.startup.VersionLoggerListener.log 服务器版本号:      9.0.56.0
12-Jan-2022 16:07:38.148 信息 [main] org.apache.catalina.startup.VersionLoggerListener.log 操作系统名称:      Windows 10
12-Jan-2022 16:07:38.148 信息 [main] org.apache.catalina.startup.VersionLoggerListener.log OS.版本:           10.0
12-Jan-2022 16:07:38.148 信息 [main] org.apache.catalina.startup.VersionLoggerListener.log 架构:              amd64
12-Jan-2022 16:07:38.148 信息 [main] org.apache.catalina.startup.VersionLoggerListener.log Java 环境变量:     D:\JAVA\JDK1.8\jre
12-Jan-2022 16:07:38.148 信息 [main] org.apache.catalina.startup.VersionLoggerListener.log Java虚拟机版本:    1.8.0_312-b07
12-Jan-2022 16:07:38.148 信息 [main] org.apache.catalina.startup.VersionLoggerListener.log JVM.供应商:        Amazon.com Inc.
12-Jan-2022 16:07:38.148 信息 [main] org.apache.catalina.startup.VersionLoggerListener.log CATALINA_BASE:     E:\coding_files\apache-tomcat-9.0.56
12-Jan-2022 16:07:38.148 信息 [main] org.apache.catalina.startup.VersionLoggerListener.log CATALINA_HOME:     E:\coding_files\apache-tomcat-9.0.56
12-Jan-2022 16:07:38.149 信息 [main] org.apache.catalina.startup.VersionLoggerListener.log 命令行参数：       -Djava.util.logging.config.file=E:\coding_files\apache-tomcat-9.0.56\conf\logging.properties
12-Jan-2022 16:07:38.149 信息 [main] org.apache.catalina.startup.VersionLoggerListener.log 命令行参数：       -Djava.util.logging.manager=org.apache.juli.ClassLoaderLogManager
12-Jan-2022 16:07:38.150 信息 [main] org.apache.catalina.startup.VersionLoggerListener.log 命令行参数：       -Djdk.tls.ephemeralDHKeySize=2048
12-Jan-2022 16:07:38.150 信息 [main] org.apache.catalina.startup.VersionLoggerListener.log 命令行参数：       -Djava.protocol.handler.pkgs=org.apache.catalina.webresources
12-Jan-2022 16:07:38.150 信息 [main] org.apache.catalina.startup.VersionLoggerListener.log 命令行参数：       -Dignore.endorsed.dirs=
12-Jan-2022 16:07:38.150 信息 [main] org.apache.catalina.startup.VersionLoggerListener.log 命令行参数：       -Dcatalina.base=E:\coding_files\apache-tomcat-9.0.56
12-Jan-2022 16:07:38.150 信息 [main] org.apache.catalina.startup.VersionLoggerListener.log 命令行参数：       -Dcatalina.home=E:\coding_files\apache-tomcat-9.0.56
12-Jan-2022 16:07:38.150 信息 [main] org.apache.catalina.startup.VersionLoggerListener.log 命令行参数：       -Djava.io.tmpdir=E:\coding_files\apache-tomcat-9.0.56\temp
12-Jan-2022 16:07:38.154 信息 [main] org.apache.catalina.core.AprLifecycleListener.lifecycleEvent 使用APR版本[1.7.0]加载了基于APR的Apache Tomcat本机库[1.2.31]。
12-Jan-2022 16:07:38.154 信息 [main] org.apache.catalina.core.AprLifecycleListener.lifecycleEvent APR功能：IPv6[true]、sendfile[true]、accept filters[false]、random[true]、UDS [true]。
12-Jan-2022 16:07:38.155 信息 [main] org.apache.catalina.core.AprLifecycleListener.lifecycleEvent APR/OpenSSL配置：useAprConnector[false]，useOpenSSL[true]
12-Jan-2022 16:07:38.159 信息 [main] org.apache.catalina.core.AprLifecycleListener.initializeSSL OpenSSL成功初始化 [OpenSSL 1.1.1l  24 Aug 2021]
12-Jan-2022 16:07:38.417 信息 [main] org.apache.coyote.AbstractProtocol.init 初始化协议处理器 ["http-nio-8080"]
12-Jan-2022 16:07:38.434 信息 [main] org.apache.coyote.AbstractProtocol.init 初始化协议处理器 ["https-openssl-nio-8443"]
12-Jan-2022 16:07:38.463 严重 [main] org.apache.catalina.util.LifecycleBase.handleSubClassException 初始化组件[Connector[HTTP/1.1-8443]]失败。
	org.apache.catalina.LifecycleException: 协议处理程序初始化失败
		at org.apache.catalina.connector.Connector.initInternal(Connector.java:1049)
		at org.apache.catalina.util.LifecycleBase.init(LifecycleBase.java:136)
		at org.apache.catalina.core.StandardService.initInternal(StandardService.java:556)
		at org.apache.catalina.util.LifecycleBase.init(LifecycleBase.java:136)
		at org.apache.catalina.core.StandardServer.initInternal(StandardServer.java:1042)
		at org.apache.catalina.util.LifecycleBase.init(LifecycleBase.java:136)
		at org.apache.catalina.startup.Catalina.load(Catalina.java:724)
		at org.apache.catalina.startup.Catalina.load(Catalina.java:746)
		at sun.reflect.NativeMethodAccessorImpl.invoke0(Native Method)
		at sun.reflect.NativeMethodAccessorImpl.invoke(NativeMethodAccessorImpl.java:62)
		at sun.reflect.DelegatingMethodAccessorImpl.invoke(DelegatingMethodAccessorImpl.java:43)
		at java.lang.reflect.Method.invoke(Method.java:498)
		at org.apache.catalina.startup.Bootstrap.load(Bootstrap.java:305)
		at org.apache.catalina.startup.Bootstrap.main(Bootstrap.java:475)
	Caused by: java.lang.IllegalArgumentException: E:\coding_files\apache-tomcat-9.0.56\conf\localhost-rsa.jks (系统找不到指定的文件。)
		at org.apache.tomcat.util.net.AbstractJsseEndpoint.createSSLContext(AbstractJsseEndpoint.java:99)
		at org.apache.tomcat.util.net.AbstractJsseEndpoint.initialiseSsl(AbstractJsseEndpoint.java:71)
		at org.apache.tomcat.util.net.NioEndpoint.bind(NioEndpoint.java:233)
		at org.apache.tomcat.util.net.AbstractEndpoint.bindWithCleanup(AbstractEndpoint.java:1213)
		at org.apache.tomcat.util.net.AbstractEndpoint.init(AbstractEndpoint.java:1226)
		at org.apache.coyote.AbstractProtocol.init(AbstractProtocol.java:603)
		at org.apache.coyote.http11.AbstractHttp11Protocol.init(AbstractHttp11Protocol.java:80)
		at org.apache.catalina.connector.Connector.initInternal(Connector.java:1046)
		... 13 more
	Caused by: java.io.FileNotFoundException: E:\coding_files\apache-tomcat-9.0.56\conf\localhost-rsa.jks (系统找不到指定的文件。)
		at java.io.FileInputStream.open0(Native Method)
		at java.io.FileInputStream.open(FileInputStream.java:195)
		at java.io.FileInputStream.<init>(FileInputStream.java:138)
		at java.io.FileInputStream.<init>(FileInputStream.java:93)
		at sun.net.www.protocol.file.FileURLConnection.connect(FileURLConnection.java:90)
		at sun.net.www.protocol.file.FileURLConnection.getInputStream(FileURLConnection.java:188)
		at org.apache.catalina.startup.CatalinaBaseConfigurationSource.getResource(CatalinaBaseConfigurationSource.java:118)
		at org.apache.tomcat.util.net.SSLUtilBase.getStore(SSLUtilBase.java:197)
		at org.apache.tomcat.util.net.SSLHostConfigCertificate.getCertificateKeystore(SSLHostConfigCertificate.java:207)
		at org.apache.tomcat.util.net.SSLUtilBase.getKeyManagers(SSLUtilBase.java:281)
		at org.apache.tomcat.util.net.openssl.OpenSSLUtil.getKeyManagers(OpenSSLUtil.java:98)
		at org.apache.tomcat.util.net.SSLUtilBase.createSSLContext(SSLUtilBase.java:245)
		at org.apache.tomcat.util.net.AbstractJsseEndpoint.createSSLContext(AbstractJsseEndpoint.java:97)
		... 20 more
12-Jan-2022 16:07:38.463 信息 [main] org.apache.catalina.startup.Catalina.load 服务器在[545]毫秒内初始化
12-Jan-2022 16:07:38.504 信息 [main] org.apache.catalina.core.StandardService.startInternal 正在启动服务[Catalina]
12-Jan-2022 16:07:38.504 信息 [main] org.apache.catalina.core.StandardEngine.startInternal 正在启动 Servlet 引擎：[Apache Tomcat/9.0.56]
12-Jan-2022 16:07:38.519 信息 [main] org.apache.catalina.startup.HostConfig.deployWAR 正在部署web应用程序存档文件[E:\coding_files\apache-tomcat-9.0.56\webapps\alltogether_sec-1.war]
12-Jan-2022 16:07:43.190 信息 [main] org.apache.jasper.servlet.TldScanner.scanJars 至少有一个JAR被扫描用于TLD但尚未包含TLD。 为此记录器启用调试日志记录，以获取已扫描但未在其中找到TLD的完整JAR列表。 在扫描期间跳过不需要的JAR可以缩短启动时间和JSP编译时间。
12-Jan-2022 16:07:43.665 警告 [main] org.apache.catalina.util.SessionIdGeneratorBase.createSecureRandom 使用[SHA1PRNG]创建会话ID生成的SecureRandom实例花费了[331]毫秒。
12-Jan-2022 16:07:43.688 信息 [main] org.apache.catalina.startup.HostConfig.deployWAR web应用程序存档文件[E:\coding_files\apache-tomcat-9.0.56\webapps\alltogether_sec-1.war]的部署已在[5,169]ms内完成
12-Jan-2022 16:07:43.690 信息 [main] org.apache.catalina.startup.HostConfig.deployDirectory 把web 应用程序部署到目录 [E:\coding_files\apache-tomcat-9.0.56\webapps\docs]
12-Jan-2022 16:07:43.718 信息 [main] org.apache.catalina.startup.HostConfig.deployDirectory Web应用程序目录[E:\coding_files\apache-tomcat-9.0.56\webapps\docs]的部署已在[28]毫秒内完成
12-Jan-2022 16:07:43.718 信息 [main] org.apache.catalina.startup.HostConfig.deployDirectory 把web 应用程序部署到目录 [E:\coding_files\apache-tomcat-9.0.56\webapps\examples]
12-Jan-2022 16:07:44.136 信息 [main] org.apache.catalina.startup.HostConfig.deployDirectory Web应用程序目录[E:\coding_files\apache-tomcat-9.0.56\webapps\examples]的部署已在[418]毫秒内完成
12-Jan-2022 16:07:44.137 信息 [main] org.apache.catalina.startup.HostConfig.deployDirectory 把web 应用程序部署到目录 [E:\coding_files\apache-tomcat-9.0.56\webapps\LEo]
12-Jan-2022 16:07:44.165 信息 [main] org.apache.catalina.startup.HostConfig.deployDirectory Web应用程序目录[E:\coding_files\apache-tomcat-9.0.56\webapps\LEo]的部署已在[29]毫秒内完成
12-Jan-2022 16:07:44.165 信息 [main] org.apache.catalina.startup.HostConfig.deployDirectory 把web 应用程序部署到目录 [E:\coding_files\apache-tomcat-9.0.56\webapps\manager]
12-Jan-2022 16:07:44.210 信息 [main] org.apache.catalina.startup.HostConfig.deployDirectory Web应用程序目录[E:\coding_files\apache-tomcat-9.0.56\webapps\manager]的部署已在[45]毫秒内完成
12-Jan-2022 16:07:44.210 信息 [main] org.apache.catalina.startup.HostConfig.deployDirectory 把web 应用程序部署到目录 [E:\coding_files\apache-tomcat-9.0.56\webapps\ROOT]
12-Jan-2022 16:07:44.241 信息 [main] org.apache.catalina.startup.HostConfig.deployDirectory Web应用程序目录[E:\coding_files\apache-tomcat-9.0.56\webapps\ROOT]的部署已在[31]毫秒内完成
12-Jan-2022 16:07:44.246 信息 [main] org.apache.coyote.AbstractProtocol.start 开始协议处理句柄["http-nio-8080"]
12-Jan-2022 16:07:44.266 信息 [main] org.apache.catalina.startup.Catalina.start [5791]毫秒后服务器启动
12-Jan-2022 16:09:49.380 信息 [main] org.apache.catalina.startup.VersionLoggerListener.log Server.服务器版本: Apache Tomcat/9.0.56
12-Jan-2022 16:09:49.390 信息 [main] org.apache.catalina.startup.VersionLoggerListener.log 服务器构建:        Dec 2 2021 14:30:07 UTC
12-Jan-2022 16:09:49.390 信息 [main] org.apache.catalina.startup.VersionLoggerListener.log 服务器版本号:      9.0.56.0
12-Jan-2022 16:09:49.390 信息 [main] org.apache.catalina.startup.VersionLoggerListener.log 操作系统名称:      Windows 10
12-Jan-2022 16:09:49.390 信息 [main] org.apache.catalina.startup.VersionLoggerListener.log OS.版本:           10.0
12-Jan-2022 16:09:49.390 信息 [main] org.apache.catalina.startup.VersionLoggerListener.log 架构:              amd64
12-Jan-2022 16:09:49.390 信息 [main] org.apache.catalina.startup.VersionLoggerListener.log Java 环境变量:     D:\JAVA\JDK1.8\jre
12-Jan-2022 16:09:49.390 信息 [main] org.apache.catalina.startup.VersionLoggerListener.log Java虚拟机版本:    1.8.0_312-b07
12-Jan-2022 16:09:49.390 信息 [main] org.apache.catalina.startup.VersionLoggerListener.log JVM.供应商:        Amazon.com Inc.
12-Jan-2022 16:09:49.390 信息 [main] org.apache.catalina.startup.VersionLoggerListener.log CATALINA_BASE:     E:\coding_files\apache-tomcat-9.0.56
12-Jan-2022 16:09:49.390 信息 [main] org.apache.catalina.startup.VersionLoggerListener.log CATALINA_HOME:     E:\coding_files\apache-tomcat-9.0.56
12-Jan-2022 16:09:49.390 信息 [main] org.apache.catalina.startup.VersionLoggerListener.log 命令行参数：       -Djava.util.logging.config.file=E:\coding_files\apache-tomcat-9.0.56\conf\logging.properties
12-Jan-2022 16:09:49.390 信息 [main] org.apache.catalina.startup.VersionLoggerListener.log 命令行参数：       -Djava.util.logging.manager=org.apache.juli.ClassLoaderLogManager
12-Jan-2022 16:09:49.390 信息 [main] org.apache.catalina.startup.VersionLoggerListener.log 命令行参数：       -Djdk.tls.ephemeralDHKeySize=2048
12-Jan-2022 16:09:49.390 信息 [main] org.apache.catalina.startup.VersionLoggerListener.log 命令行参数：       -Djava.protocol.handler.pkgs=org.apache.catalina.webresources
12-Jan-2022 16:09:49.390 信息 [main] org.apache.catalina.startup.VersionLoggerListener.log 命令行参数：       -Dignore.endorsed.dirs=
12-Jan-2022 16:09:49.390 信息 [main] org.apache.catalina.startup.VersionLoggerListener.log 命令行参数：       -Dcatalina.base=E:\coding_files\apache-tomcat-9.0.56
12-Jan-2022 16:09:49.390 信息 [main] org.apache.catalina.startup.VersionLoggerListener.log 命令行参数：       -Dcatalina.home=E:\coding_files\apache-tomcat-9.0.56
12-Jan-2022 16:09:49.390 信息 [main] org.apache.catalina.startup.VersionLoggerListener.log 命令行参数：       -Djava.io.tmpdir=E:\coding_files\apache-tomcat-9.0.56\temp
12-Jan-2022 16:09:49.390 信息 [main] org.apache.catalina.core.AprLifecycleListener.lifecycleEvent 使用APR版本[1.7.0]加载了基于APR的Apache Tomcat本机库[1.2.31]。
12-Jan-2022 16:09:49.390 信息 [main] org.apache.catalina.core.AprLifecycleListener.lifecycleEvent APR功能：IPv6[true]、sendfile[true]、accept filters[false]、random[true]、UDS [true]。
12-Jan-2022 16:09:49.390 信息 [main] org.apache.catalina.core.AprLifecycleListener.lifecycleEvent APR/OpenSSL配置：useAprConnector[false]，useOpenSSL[true]
12-Jan-2022 16:09:49.400 信息 [main] org.apache.catalina.core.AprLifecycleListener.initializeSSL OpenSSL成功初始化 [OpenSSL 1.1.1l  24 Aug 2021]
12-Jan-2022 16:09:49.664 信息 [main] org.apache.coyote.AbstractProtocol.init 初始化协议处理器 ["http-nio-8080"]
12-Jan-2022 16:09:49.685 信息 [main] org.apache.coyote.AbstractProtocol.init 初始化协议处理器 ["https-openssl-nio-8443"]
12-Jan-2022 16:09:49.719 严重 [main] org.apache.catalina.util.LifecycleBase.handleSubClassException 初始化组件[Connector[HTTP/1.1-8443]]失败。
	org.apache.catalina.LifecycleException: 协议处理程序初始化失败
		at org.apache.catalina.connector.Connector.initInternal(Connector.java:1049)
		at org.apache.catalina.util.LifecycleBase.init(LifecycleBase.java:136)
		at org.apache.catalina.core.StandardService.initInternal(StandardService.java:556)
		at org.apache.catalina.util.LifecycleBase.init(LifecycleBase.java:136)
		at org.apache.catalina.core.StandardServer.initInternal(StandardServer.java:1042)
		at org.apache.catalina.util.LifecycleBase.init(LifecycleBase.java:136)
		at org.apache.catalina.startup.Catalina.load(Catalina.java:724)
		at org.apache.catalina.startup.Catalina.load(Catalina.java:746)
		at sun.reflect.NativeMethodAccessorImpl.invoke0(Native Method)
		at sun.reflect.NativeMethodAccessorImpl.invoke(NativeMethodAccessorImpl.java:62)
		at sun.reflect.DelegatingMethodAccessorImpl.invoke(DelegatingMethodAccessorImpl.java:43)
		at java.lang.reflect.Method.invoke(Method.java:498)
		at org.apache.catalina.startup.Bootstrap.load(Bootstrap.java:305)
		at org.apache.catalina.startup.Bootstrap.main(Bootstrap.java:475)
	Caused by: java.lang.IllegalArgumentException: E:\coding_files\apache-tomcat-9.0.56\conf\localhost-rsa.jks (系统找不到指定的文件。)
		at org.apache.tomcat.util.net.AbstractJsseEndpoint.createSSLContext(AbstractJsseEndpoint.java:99)
		at org.apache.tomcat.util.net.AbstractJsseEndpoint.initialiseSsl(AbstractJsseEndpoint.java:71)
		at org.apache.tomcat.util.net.NioEndpoint.bind(NioEndpoint.java:233)
		at org.apache.tomcat.util.net.AbstractEndpoint.bindWithCleanup(AbstractEndpoint.java:1213)
		at org.apache.tomcat.util.net.AbstractEndpoint.init(AbstractEndpoint.java:1226)
		at org.apache.coyote.AbstractProtocol.init(AbstractProtocol.java:603)
		at org.apache.coyote.http11.AbstractHttp11Protocol.init(AbstractHttp11Protocol.java:80)
		at org.apache.catalina.connector.Connector.initInternal(Connector.java:1046)
		... 13 more
	Caused by: java.io.FileNotFoundException: E:\coding_files\apache-tomcat-9.0.56\conf\localhost-rsa.jks (系统找不到指定的文件。)
		at java.io.FileInputStream.open0(Native Method)
		at java.io.FileInputStream.open(FileInputStream.java:195)
		at java.io.FileInputStream.<init>(FileInputStream.java:138)
		at java.io.FileInputStream.<init>(FileInputStream.java:93)
		at sun.net.www.protocol.file.FileURLConnection.connect(FileURLConnection.java:90)
		at sun.net.www.protocol.file.FileURLConnection.getInputStream(FileURLConnection.java:188)
		at org.apache.catalina.startup.CatalinaBaseConfigurationSource.getResource(CatalinaBaseConfigurationSource.java:118)
		at org.apache.tomcat.util.net.SSLUtilBase.getStore(SSLUtilBase.java:197)
		at org.apache.tomcat.util.net.SSLHostConfigCertificate.getCertificateKeystore(SSLHostConfigCertificate.java:207)
		at org.apache.tomcat.util.net.SSLUtilBase.getKeyManagers(SSLUtilBase.java:281)
		at org.apache.tomcat.util.net.openssl.OpenSSLUtil.getKeyManagers(OpenSSLUtil.java:98)
		at org.apache.tomcat.util.net.SSLUtilBase.createSSLContext(SSLUtilBase.java:245)
		at org.apache.tomcat.util.net.AbstractJsseEndpoint.createSSLContext(AbstractJsseEndpoint.java:97)
		... 20 more
12-Jan-2022 16:09:49.719 信息 [main] org.apache.catalina.startup.Catalina.load 服务器在[533]毫秒内初始化
12-Jan-2022 16:09:49.750 信息 [main] org.apache.catalina.core.StandardService.startInternal 正在启动服务[Catalina]
12-Jan-2022 16:09:49.750 信息 [main] org.apache.catalina.core.StandardEngine.startInternal 正在启动 Servlet 引擎：[Apache Tomcat/9.0.56]
12-Jan-2022 16:09:49.770 信息 [main] org.apache.catalina.startup.HostConfig.deployWAR 正在部署web应用程序存档文件[E:\coding_files\apache-tomcat-9.0.56\webapps\alltogether_sec-1.war]
12-Jan-2022 16:09:53.024 信息 [main] org.apache.jasper.servlet.TldScanner.scanJars 至少有一个JAR被扫描用于TLD但尚未包含TLD。 为此记录器启用调试日志记录，以获取已扫描但未在其中找到TLD的完整JAR列表。 在扫描期间跳过不需要的JAR可以缩短启动时间和JSP编译时间。
12-Jan-2022 16:09:53.465 警告 [main] org.apache.catalina.util.SessionIdGeneratorBase.createSecureRandom 使用[SHA1PRNG]创建会话ID生成的SecureRandom实例花费了[308]毫秒。
12-Jan-2022 16:09:53.486 信息 [main] org.apache.catalina.startup.HostConfig.deployWAR web应用程序存档文件[E:\coding_files\apache-tomcat-9.0.56\webapps\alltogether_sec-1.war]的部署已在[3,716]ms内完成
12-Jan-2022 16:09:53.487 信息 [main] org.apache.catalina.startup.HostConfig.deployDirectory 把web 应用程序部署到目录 [E:\coding_files\apache-tomcat-9.0.56\webapps\docs]
12-Jan-2022 16:09:53.519 信息 [main] org.apache.catalina.startup.HostConfig.deployDirectory Web应用程序目录[E:\coding_files\apache-tomcat-9.0.56\webapps\docs]的部署已在[31]毫秒内完成
12-Jan-2022 16:09:53.519 信息 [main] org.apache.catalina.startup.HostConfig.deployDirectory 把web 应用程序部署到目录 [E:\coding_files\apache-tomcat-9.0.56\webapps\examples]
12-Jan-2022 16:09:53.908 信息 [main] org.apache.catalina.startup.HostConfig.deployDirectory Web应用程序目录[E:\coding_files\apache-tomcat-9.0.56\webapps\examples]的部署已在[389]毫秒内完成
12-Jan-2022 16:09:53.908 信息 [main] org.apache.catalina.startup.HostConfig.deployDirectory 把web 应用程序部署到目录 [E:\coding_files\apache-tomcat-9.0.56\webapps\LEo]
12-Jan-2022 16:09:53.937 信息 [main] org.apache.catalina.startup.HostConfig.deployDirectory Web应用程序目录[E:\coding_files\apache-tomcat-9.0.56\webapps\LEo]的部署已在[29]毫秒内完成
12-Jan-2022 16:09:53.938 信息 [main] org.apache.catalina.startup.HostConfig.deployDirectory 把web 应用程序部署到目录 [E:\coding_files\apache-tomcat-9.0.56\webapps\manager]
12-Jan-2022 16:09:53.976 信息 [main] org.apache.catalina.startup.HostConfig.deployDirectory Web应用程序目录[E:\coding_files\apache-tomcat-9.0.56\webapps\manager]的部署已在[38]毫秒内完成
12-Jan-2022 16:09:53.977 信息 [main] org.apache.catalina.startup.HostConfig.deployDirectory 把web 应用程序部署到目录 [E:\coding_files\apache-tomcat-9.0.56\webapps\ROOT]
12-Jan-2022 16:09:54.002 信息 [main] org.apache.catalina.startup.HostConfig.deployDirectory Web应用程序目录[E:\coding_files\apache-tomcat-9.0.56\webapps\ROOT]的部署已在[25]毫秒内完成
12-Jan-2022 16:09:54.008 信息 [main] org.apache.coyote.AbstractProtocol.start 开始协议处理句柄["http-nio-8080"]
12-Jan-2022 16:09:54.025 信息 [main] org.apache.catalina.startup.Catalina.start [4299]毫秒后服务器启动
12-Jan-2022 16:23:01.145 信息 [main] org.apache.catalina.startup.VersionLoggerListener.log Server.服务器版本: Apache Tomcat/9.0.56
12-Jan-2022 16:23:01.145 信息 [main] org.apache.catalina.startup.VersionLoggerListener.log 服务器构建:        Dec 2 2021 14:30:07 UTC
12-Jan-2022 16:23:01.145 信息 [main] org.apache.catalina.startup.VersionLoggerListener.log 服务器版本号:      9.0.56.0
12-Jan-2022 16:23:01.145 信息 [main] org.apache.catalina.startup.VersionLoggerListener.log 操作系统名称:      Windows 10
12-Jan-2022 16:23:01.145 信息 [main] org.apache.catalina.startup.VersionLoggerListener.log OS.版本:           10.0
12-Jan-2022 16:23:01.145 信息 [main] org.apache.catalina.startup.VersionLoggerListener.log 架构:              amd64
12-Jan-2022 16:23:01.145 信息 [main] org.apache.catalina.startup.VersionLoggerListener.log Java 环境变量:     D:\JAVA\JDK1.8\jre
12-Jan-2022 16:23:01.145 信息 [main] org.apache.catalina.startup.VersionLoggerListener.log Java虚拟机版本:    1.8.0_312-b07
12-Jan-2022 16:23:01.145 信息 [main] org.apache.catalina.startup.VersionLoggerListener.log JVM.供应商:        Amazon.com Inc.
12-Jan-2022 16:23:01.145 信息 [main] org.apache.catalina.startup.VersionLoggerListener.log CATALINA_BASE:     E:\coding_files\apache-tomcat-9.0.56
12-Jan-2022 16:23:01.145 信息 [main] org.apache.catalina.startup.VersionLoggerListener.log CATALINA_HOME:     E:\coding_files\apache-tomcat-9.0.56
12-Jan-2022 16:23:01.145 信息 [main] org.apache.catalina.startup.VersionLoggerListener.log 命令行参数：       -Djava.util.logging.config.file=E:\coding_files\apache-tomcat-9.0.56\conf\logging.properties
12-Jan-2022 16:23:01.145 信息 [main] org.apache.catalina.startup.VersionLoggerListener.log 命令行参数：       -Djava.util.logging.manager=org.apache.juli.ClassLoaderLogManager
12-Jan-2022 16:23:01.145 信息 [main] org.apache.catalina.startup.VersionLoggerListener.log 命令行参数：       -Djdk.tls.ephemeralDHKeySize=2048
12-Jan-2022 16:23:01.145 信息 [main] org.apache.catalina.startup.VersionLoggerListener.log 命令行参数：       -Djava.protocol.handler.pkgs=org.apache.catalina.webresources
12-Jan-2022 16:23:01.145 信息 [main] org.apache.catalina.startup.VersionLoggerListener.log 命令行参数：       -Dignore.endorsed.dirs=
12-Jan-2022 16:23:01.145 信息 [main] org.apache.catalina.startup.VersionLoggerListener.log 命令行参数：       -Dcatalina.base=E:\coding_files\apache-tomcat-9.0.56
12-Jan-2022 16:23:01.145 信息 [main] org.apache.catalina.startup.VersionLoggerListener.log 命令行参数：       -Dcatalina.home=E:\coding_files\apache-tomcat-9.0.56
12-Jan-2022 16:23:01.145 信息 [main] org.apache.catalina.startup.VersionLoggerListener.log 命令行参数：       -Djava.io.tmpdir=E:\coding_files\apache-tomcat-9.0.56\temp
12-Jan-2022 16:23:01.145 信息 [main] org.apache.catalina.core.AprLifecycleListener.lifecycleEvent 使用APR版本[1.7.0]加载了基于APR的Apache Tomcat本机库[1.2.31]。
12-Jan-2022 16:23:01.145 信息 [main] org.apache.catalina.core.AprLifecycleListener.lifecycleEvent APR功能：IPv6[true]、sendfile[true]、accept filters[false]、random[true]、UDS [true]。
12-Jan-2022 16:23:01.145 信息 [main] org.apache.catalina.core.AprLifecycleListener.lifecycleEvent APR/OpenSSL配置：useAprConnector[false]，useOpenSSL[true]
12-Jan-2022 16:23:01.160 信息 [main] org.apache.catalina.core.AprLifecycleListener.initializeSSL OpenSSL成功初始化 [OpenSSL 1.1.1l  24 Aug 2021]
12-Jan-2022 16:23:01.395 信息 [main] org.apache.coyote.AbstractProtocol.init 初始化协议处理器 ["http-nio-8080"]
12-Jan-2022 16:23:01.427 信息 [main] org.apache.coyote.AbstractProtocol.init 初始化协议处理器 ["https-openssl-nio-8443"]
12-Jan-2022 16:23:01.458 严重 [main] org.apache.catalina.util.LifecycleBase.handleSubClassException 初始化组件[Connector[HTTP/1.1-8443]]失败。
	org.apache.catalina.LifecycleException: 协议处理程序初始化失败
		at org.apache.catalina.connector.Connector.initInternal(Connector.java:1049)
		at org.apache.catalina.util.LifecycleBase.init(LifecycleBase.java:136)
		at org.apache.catalina.core.StandardService.initInternal(StandardService.java:556)
		at org.apache.catalina.util.LifecycleBase.init(LifecycleBase.java:136)
		at org.apache.catalina.core.StandardServer.initInternal(StandardServer.java:1042)
		at org.apache.catalina.util.LifecycleBase.init(LifecycleBase.java:136)
		at org.apache.catalina.startup.Catalina.load(Catalina.java:724)
		at org.apache.catalina.startup.Catalina.load(Catalina.java:746)
		at sun.reflect.NativeMethodAccessorImpl.invoke0(Native Method)
		at sun.reflect.NativeMethodAccessorImpl.invoke(NativeMethodAccessorImpl.java:62)
		at sun.reflect.DelegatingMethodAccessorImpl.invoke(DelegatingMethodAccessorImpl.java:43)
		at java.lang.reflect.Method.invoke(Method.java:498)
		at org.apache.catalina.startup.Bootstrap.load(Bootstrap.java:305)
		at org.apache.catalina.startup.Bootstrap.main(Bootstrap.java:475)
	Caused by: java.lang.IllegalArgumentException: E:\coding_files\apache-tomcat-9.0.56\conf\localhost-rsa.jks (系统找不到指定的文件。)
		at org.apache.tomcat.util.net.AbstractJsseEndpoint.createSSLContext(AbstractJsseEndpoint.java:99)
		at org.apache.tomcat.util.net.AbstractJsseEndpoint.initialiseSsl(AbstractJsseEndpoint.java:71)
		at org.apache.tomcat.util.net.NioEndpoint.bind(NioEndpoint.java:233)
		at org.apache.tomcat.util.net.AbstractEndpoint.bindWithCleanup(AbstractEndpoint.java:1213)
		at org.apache.tomcat.util.net.AbstractEndpoint.init(AbstractEndpoint.java:1226)
		at org.apache.coyote.AbstractProtocol.init(AbstractProtocol.java:603)
		at org.apache.coyote.http11.AbstractHttp11Protocol.init(AbstractHttp11Protocol.java:80)
		at org.apache.catalina.connector.Connector.initInternal(Connector.java:1046)
		... 13 more
	Caused by: java.io.FileNotFoundException: E:\coding_files\apache-tomcat-9.0.56\conf\localhost-rsa.jks (系统找不到指定的文件。)
		at java.io.FileInputStream.open0(Native Method)
		at java.io.FileInputStream.open(FileInputStream.java:195)
		at java.io.FileInputStream.<init>(FileInputStream.java:138)
		at java.io.FileInputStream.<init>(FileInputStream.java:93)
		at sun.net.www.protocol.file.FileURLConnection.connect(FileURLConnection.java:90)
		at sun.net.www.protocol.file.FileURLConnection.getInputStream(FileURLConnection.java:188)
		at org.apache.catalina.startup.CatalinaBaseConfigurationSource.getResource(CatalinaBaseConfigurationSource.java:118)
		at org.apache.tomcat.util.net.SSLUtilBase.getStore(SSLUtilBase.java:197)
		at org.apache.tomcat.util.net.SSLHostConfigCertificate.getCertificateKeystore(SSLHostConfigCertificate.java:207)
		at org.apache.tomcat.util.net.SSLUtilBase.getKeyManagers(SSLUtilBase.java:281)
		at org.apache.tomcat.util.net.openssl.OpenSSLUtil.getKeyManagers(OpenSSLUtil.java:98)
		at org.apache.tomcat.util.net.SSLUtilBase.createSSLContext(SSLUtilBase.java:245)
		at org.apache.tomcat.util.net.AbstractJsseEndpoint.createSSLContext(AbstractJsseEndpoint.java:97)
		... 20 more
12-Jan-2022 16:23:01.458 信息 [main] org.apache.catalina.startup.Catalina.load 服务器在[512]毫秒内初始化
12-Jan-2022 16:23:01.489 信息 [main] org.apache.catalina.core.StandardService.startInternal 正在启动服务[Catalina]
12-Jan-2022 16:23:01.489 信息 [main] org.apache.catalina.core.StandardEngine.startInternal 正在启动 Servlet 引擎：[Apache Tomcat/9.0.56]
12-Jan-2022 16:23:01.505 信息 [main] org.apache.catalina.startup.HostConfig.deployWAR 正在部署web应用程序存档文件[E:\coding_files\apache-tomcat-9.0.56\webapps\alltogether_sec-1.war]
12-Jan-2022 16:23:05.700 信息 [main] org.apache.jasper.servlet.TldScanner.scanJars 至少有一个JAR被扫描用于TLD但尚未包含TLD。 为此记录器启用调试日志记录，以获取已扫描但未在其中找到TLD的完整JAR列表。 在扫描期间跳过不需要的JAR可以缩短启动时间和JSP编译时间。
12-Jan-2022 16:23:11.204 警告 [main] org.apache.catalina.util.SessionIdGeneratorBase.createSecureRandom 使用[SHA1PRNG]创建会话ID生成的SecureRandom实例花费了[375]毫秒。
12-Jan-2022 16:23:11.220 信息 [main] org.apache.catalina.startup.HostConfig.deployWAR web应用程序存档文件[E:\coding_files\apache-tomcat-9.0.56\webapps\alltogether_sec-1.war]的部署已在[9,715]ms内完成
12-Jan-2022 16:23:11.220 信息 [main] org.apache.catalina.startup.HostConfig.deployDirectory 把web 应用程序部署到目录 [E:\coding_files\apache-tomcat-9.0.56\webapps\docs]
12-Jan-2022 16:23:11.253 信息 [main] org.apache.catalina.startup.HostConfig.deployDirectory Web应用程序目录[E:\coding_files\apache-tomcat-9.0.56\webapps\docs]的部署已在[33]毫秒内完成
12-Jan-2022 16:23:11.253 信息 [main] org.apache.catalina.startup.HostConfig.deployDirectory 把web 应用程序部署到目录 [E:\coding_files\apache-tomcat-9.0.56\webapps\examples]
12-Jan-2022 16:23:11.612 信息 [main] org.apache.catalina.startup.HostConfig.deployDirectory Web应用程序目录[E:\coding_files\apache-tomcat-9.0.56\webapps\examples]的部署已在[359]毫秒内完成
12-Jan-2022 16:23:11.612 信息 [main] org.apache.catalina.startup.HostConfig.deployDirectory 把web 应用程序部署到目录 [E:\coding_files\apache-tomcat-9.0.56\webapps\LEo]
12-Jan-2022 16:23:11.643 信息 [main] org.apache.catalina.startup.HostConfig.deployDirectory Web应用程序目录[E:\coding_files\apache-tomcat-9.0.56\webapps\LEo]的部署已在[31]毫秒内完成
12-Jan-2022 16:23:11.643 信息 [main] org.apache.catalina.startup.HostConfig.deployDirectory 把web 应用程序部署到目录 [E:\coding_files\apache-tomcat-9.0.56\webapps\manager]
12-Jan-2022 16:23:11.675 信息 [main] org.apache.catalina.startup.HostConfig.deployDirectory Web应用程序目录[E:\coding_files\apache-tomcat-9.0.56\webapps\manager]的部署已在[32]毫秒内完成
12-Jan-2022 16:23:11.675 信息 [main] org.apache.catalina.startup.HostConfig.deployDirectory 把web 应用程序部署到目录 [E:\coding_files\apache-tomcat-9.0.56\webapps\ROOT]
12-Jan-2022 16:23:11.706 信息 [main] org.apache.catalina.startup.HostConfig.deployDirectory Web应用程序目录[E:\coding_files\apache-tomcat-9.0.56\webapps\ROOT]的部署已在[31]毫秒内完成
12-Jan-2022 16:23:11.706 信息 [main] org.apache.coyote.AbstractProtocol.start 开始协议处理句柄["http-nio-8080"]
12-Jan-2022 16:23:11.722 信息 [main] org.apache.catalina.startup.Catalina.start [10268]毫秒后服务器启动
12-Jan-2022 16:31:02.652 信息 [main] org.apache.catalina.startup.VersionLoggerListener.log Server.服务器版本: Apache Tomcat/9.0.56
12-Jan-2022 16:31:02.652 信息 [main] org.apache.catalina.startup.VersionLoggerListener.log 服务器构建:        Dec 2 2021 14:30:07 UTC
12-Jan-2022 16:31:02.652 信息 [main] org.apache.catalina.startup.VersionLoggerListener.log 服务器版本号:      9.0.56.0
12-Jan-2022 16:31:02.652 信息 [main] org.apache.catalina.startup.VersionLoggerListener.log 操作系统名称:      Windows 10
12-Jan-2022 16:31:02.652 信息 [main] org.apache.catalina.startup.VersionLoggerListener.log OS.版本:           10.0
12-Jan-2022 16:31:02.652 信息 [main] org.apache.catalina.startup.VersionLoggerListener.log 架构:              amd64
12-Jan-2022 16:31:02.652 信息 [main] org.apache.catalina.startup.VersionLoggerListener.log Java 环境变量:     D:\JAVA\JDK1.8\jre
12-Jan-2022 16:31:02.652 信息 [main] org.apache.catalina.startup.VersionLoggerListener.log Java虚拟机版本:    1.8.0_312-b07
12-Jan-2022 16:31:02.652 信息 [main] org.apache.catalina.startup.VersionLoggerListener.log JVM.供应商:        Amazon.com Inc.
12-Jan-2022 16:31:02.652 信息 [main] org.apache.catalina.startup.VersionLoggerListener.log CATALINA_BASE:     E:\coding_files\apache-tomcat-9.0.56
12-Jan-2022 16:31:02.652 信息 [main] org.apache.catalina.startup.VersionLoggerListener.log CATALINA_HOME:     E:\coding_files\apache-tomcat-9.0.56
12-Jan-2022 16:31:02.652 信息 [main] org.apache.catalina.startup.VersionLoggerListener.log 命令行参数：       -Djava.util.logging.config.file=E:\coding_files\apache-tomcat-9.0.56\conf\logging.properties
12-Jan-2022 16:31:02.652 信息 [main] org.apache.catalina.startup.VersionLoggerListener.log 命令行参数：       -Djava.util.logging.manager=org.apache.juli.ClassLoaderLogManager
12-Jan-2022 16:31:02.652 信息 [main] org.apache.catalina.startup.VersionLoggerListener.log 命令行参数：       -Djdk.tls.ephemeralDHKeySize=2048
12-Jan-2022 16:31:02.652 信息 [main] org.apache.catalina.startup.VersionLoggerListener.log 命令行参数：       -Djava.protocol.handler.pkgs=org.apache.catalina.webresources
12-Jan-2022 16:31:02.652 信息 [main] org.apache.catalina.startup.VersionLoggerListener.log 命令行参数：       -Dignore.endorsed.dirs=
12-Jan-2022 16:31:02.652 信息 [main] org.apache.catalina.startup.VersionLoggerListener.log 命令行参数：       -Dcatalina.base=E:\coding_files\apache-tomcat-9.0.56
12-Jan-2022 16:31:02.652 信息 [main] org.apache.catalina.startup.VersionLoggerListener.log 命令行参数：       -Dcatalina.home=E:\coding_files\apache-tomcat-9.0.56
12-Jan-2022 16:31:02.652 信息 [main] org.apache.catalina.startup.VersionLoggerListener.log 命令行参数：       -Djava.io.tmpdir=E:\coding_files\apache-tomcat-9.0.56\temp
12-Jan-2022 16:31:02.668 信息 [main] org.apache.catalina.core.AprLifecycleListener.lifecycleEvent 使用APR版本[1.7.0]加载了基于APR的Apache Tomcat本机库[1.2.31]。
12-Jan-2022 16:31:02.668 信息 [main] org.apache.catalina.core.AprLifecycleListener.lifecycleEvent APR功能：IPv6[true]、sendfile[true]、accept filters[false]、random[true]、UDS [true]。
12-Jan-2022 16:31:02.668 信息 [main] org.apache.catalina.core.AprLifecycleListener.lifecycleEvent APR/OpenSSL配置：useAprConnector[false]，useOpenSSL[true]
12-Jan-2022 16:31:02.668 信息 [main] org.apache.catalina.core.AprLifecycleListener.initializeSSL OpenSSL成功初始化 [OpenSSL 1.1.1l  24 Aug 2021]
12-Jan-2022 16:31:03.033 信息 [main] org.apache.coyote.AbstractProtocol.init 初始化协议处理器 ["http-nio-8080"]
12-Jan-2022 16:31:03.050 信息 [main] org.apache.coyote.AbstractProtocol.init 初始化协议处理器 ["https-openssl-nio-8443"]
12-Jan-2022 16:31:03.104 严重 [main] org.apache.catalina.util.LifecycleBase.handleSubClassException 初始化组件[Connector[HTTP/1.1-8443]]失败。
	org.apache.catalina.LifecycleException: 协议处理程序初始化失败
		at org.apache.catalina.connector.Connector.initInternal(Connector.java:1049)
		at org.apache.catalina.util.LifecycleBase.init(LifecycleBase.java:136)
		at org.apache.catalina.core.StandardService.initInternal(StandardService.java:556)
		at org.apache.catalina.util.LifecycleBase.init(LifecycleBase.java:136)
		at org.apache.catalina.core.StandardServer.initInternal(StandardServer.java:1042)
		at org.apache.catalina.util.LifecycleBase.init(LifecycleBase.java:136)
		at org.apache.catalina.startup.Catalina.load(Catalina.java:724)
		at org.apache.catalina.startup.Catalina.load(Catalina.java:746)
		at sun.reflect.NativeMethodAccessorImpl.invoke0(Native Method)
		at sun.reflect.NativeMethodAccessorImpl.invoke(NativeMethodAccessorImpl.java:62)
		at sun.reflect.DelegatingMethodAccessorImpl.invoke(DelegatingMethodAccessorImpl.java:43)
		at java.lang.reflect.Method.invoke(Method.java:498)
		at org.apache.catalina.startup.Bootstrap.load(Bootstrap.java:305)
		at org.apache.catalina.startup.Bootstrap.main(Bootstrap.java:475)
	Caused by: java.lang.IllegalArgumentException: E:\coding_files\apache-tomcat-9.0.56\conf\localhost-rsa.jks (系统找不到指定的文件。)
		at org.apache.tomcat.util.net.AbstractJsseEndpoint.createSSLContext(AbstractJsseEndpoint.java:99)
		at org.apache.tomcat.util.net.AbstractJsseEndpoint.initialiseSsl(AbstractJsseEndpoint.java:71)
		at org.apache.tomcat.util.net.NioEndpoint.bind(NioEndpoint.java:233)
		at org.apache.tomcat.util.net.AbstractEndpoint.bindWithCleanup(AbstractEndpoint.java:1213)
		at org.apache.tomcat.util.net.AbstractEndpoint.init(AbstractEndpoint.java:1226)
		at org.apache.coyote.AbstractProtocol.init(AbstractProtocol.java:603)
		at org.apache.coyote.http11.AbstractHttp11Protocol.init(AbstractHttp11Protocol.java:80)
		at org.apache.catalina.connector.Connector.initInternal(Connector.java:1046)
		... 13 more
	Caused by: java.io.FileNotFoundException: E:\coding_files\apache-tomcat-9.0.56\conf\localhost-rsa.jks (系统找不到指定的文件。)
		at java.io.FileInputStream.open0(Native Method)
		at java.io.FileInputStream.open(FileInputStream.java:195)
		at java.io.FileInputStream.<init>(FileInputStream.java:138)
		at java.io.FileInputStream.<init>(FileInputStream.java:93)
		at sun.net.www.protocol.file.FileURLConnection.connect(FileURLConnection.java:90)
		at sun.net.www.protocol.file.FileURLConnection.getInputStream(FileURLConnection.java:188)
		at org.apache.catalina.startup.CatalinaBaseConfigurationSource.getResource(CatalinaBaseConfigurationSource.java:118)
		at org.apache.tomcat.util.net.SSLUtilBase.getStore(SSLUtilBase.java:197)
		at org.apache.tomcat.util.net.SSLHostConfigCertificate.getCertificateKeystore(SSLHostConfigCertificate.java:207)
		at org.apache.tomcat.util.net.SSLUtilBase.getKeyManagers(SSLUtilBase.java:281)
		at org.apache.tomcat.util.net.openssl.OpenSSLUtil.getKeyManagers(OpenSSLUtil.java:98)
		at org.apache.tomcat.util.net.SSLUtilBase.createSSLContext(SSLUtilBase.java:245)
		at org.apache.tomcat.util.net.AbstractJsseEndpoint.createSSLContext(AbstractJsseEndpoint.java:97)
		... 20 more
12-Jan-2022 16:31:03.106 信息 [main] org.apache.catalina.startup.Catalina.load 服务器在[678]毫秒内初始化
12-Jan-2022 16:31:03.147 信息 [main] org.apache.catalina.core.StandardService.startInternal 正在启动服务[Catalina]
12-Jan-2022 16:31:03.147 信息 [main] org.apache.catalina.core.StandardEngine.startInternal 正在启动 Servlet 引擎：[Apache Tomcat/9.0.56]
12-Jan-2022 16:31:03.168 信息 [main] org.apache.catalina.startup.HostConfig.deployWAR 正在部署web应用程序存档文件[E:\coding_files\apache-tomcat-9.0.56\webapps\alltogether_sec-1.war]
12-Jan-2022 16:31:07.396 信息 [main] org.apache.jasper.servlet.TldScanner.scanJars 至少有一个JAR被扫描用于TLD但尚未包含TLD。 为此记录器启用调试日志记录，以获取已扫描但未在其中找到TLD的完整JAR列表。 在扫描期间跳过不需要的JAR可以缩短启动时间和JSP编译时间。
12-Jan-2022 16:31:14.828 警告 [main] org.apache.catalina.util.SessionIdGeneratorBase.createSecureRandom 使用[SHA1PRNG]创建会话ID生成的SecureRandom实例花费了[375]毫秒。
12-Jan-2022 16:31:14.851 信息 [main] org.apache.catalina.startup.HostConfig.deployWAR web应用程序存档文件[E:\coding_files\apache-tomcat-9.0.56\webapps\alltogether_sec-1.war]的部署已在[11,684]ms内完成
12-Jan-2022 16:31:14.852 信息 [main] org.apache.catalina.startup.HostConfig.deployDirectory 把web 应用程序部署到目录 [E:\coding_files\apache-tomcat-9.0.56\webapps\docs]
12-Jan-2022 16:31:14.886 信息 [main] org.apache.catalina.startup.HostConfig.deployDirectory Web应用程序目录[E:\coding_files\apache-tomcat-9.0.56\webapps\docs]的部署已在[33]毫秒内完成
12-Jan-2022 16:31:14.886 信息 [main] org.apache.catalina.startup.HostConfig.deployDirectory 把web 应用程序部署到目录 [E:\coding_files\apache-tomcat-9.0.56\webapps\examples]
12-Jan-2022 16:31:15.363 信息 [main] org.apache.catalina.startup.HostConfig.deployDirectory Web应用程序目录[E:\coding_files\apache-tomcat-9.0.56\webapps\examples]的部署已在[477]毫秒内完成
12-Jan-2022 16:31:15.363 信息 [main] org.apache.catalina.startup.HostConfig.deployDirectory 把web 应用程序部署到目录 [E:\coding_files\apache-tomcat-9.0.56\webapps\LEo]
12-Jan-2022 16:31:15.402 信息 [main] org.apache.catalina.startup.HostConfig.deployDirectory Web应用程序目录[E:\coding_files\apache-tomcat-9.0.56\webapps\LEo]的部署已在[39]毫秒内完成
12-Jan-2022 16:31:15.402 信息 [main] org.apache.catalina.startup.HostConfig.deployDirectory 把web 应用程序部署到目录 [E:\coding_files\apache-tomcat-9.0.56\webapps\manager]
12-Jan-2022 16:31:15.470 信息 [main] org.apache.catalina.startup.HostConfig.deployDirectory Web应用程序目录[E:\coding_files\apache-tomcat-9.0.56\webapps\manager]的部署已在[67]毫秒内完成
12-Jan-2022 16:31:15.471 信息 [main] org.apache.catalina.startup.HostConfig.deployDirectory 把web 应用程序部署到目录 [E:\coding_files\apache-tomcat-9.0.56\webapps\ROOT]
12-Jan-2022 16:31:15.518 信息 [main] org.apache.catalina.startup.HostConfig.deployDirectory Web应用程序目录[E:\coding_files\apache-tomcat-9.0.56\webapps\ROOT]的部署已在[47]毫秒内完成
12-Jan-2022 16:31:15.523 信息 [main] org.apache.coyote.AbstractProtocol.start 开始协议处理句柄["http-nio-8080"]
12-Jan-2022 16:31:15.550 信息 [main] org.apache.catalina.startup.Catalina.start [12442]毫秒后服务器启动
12-Jan-2022 19:54:32.700 信息 [main] org.apache.catalina.startup.VersionLoggerListener.log Server.服务器版本: Apache Tomcat/9.0.56
12-Jan-2022 19:54:32.704 信息 [main] org.apache.catalina.startup.VersionLoggerListener.log 服务器构建:        Dec 2 2021 14:30:07 UTC
12-Jan-2022 19:54:32.704 信息 [main] org.apache.catalina.startup.VersionLoggerListener.log 服务器版本号:      9.0.56.0
12-Jan-2022 19:54:32.704 信息 [main] org.apache.catalina.startup.VersionLoggerListener.log 操作系统名称:      Windows 10
12-Jan-2022 19:54:32.704 信息 [main] org.apache.catalina.startup.VersionLoggerListener.log OS.版本:           10.0
12-Jan-2022 19:54:32.704 信息 [main] org.apache.catalina.startup.VersionLoggerListener.log 架构:              amd64
12-Jan-2022 19:54:32.704 信息 [main] org.apache.catalina.startup.VersionLoggerListener.log Java 环境变量:     D:\JAVA\JDK1.8\jre
12-Jan-2022 19:54:32.704 信息 [main] org.apache.catalina.startup.VersionLoggerListener.log Java虚拟机版本:    1.8.0_312-b07
12-Jan-2022 19:54:32.704 信息 [main] org.apache.catalina.startup.VersionLoggerListener.log JVM.供应商:        Amazon.com Inc.
12-Jan-2022 19:54:32.704 信息 [main] org.apache.catalina.startup.VersionLoggerListener.log CATALINA_BASE:     E:\coding_files\apache-tomcat-9.0.56
12-Jan-2022 19:54:32.705 信息 [main] org.apache.catalina.startup.VersionLoggerListener.log CATALINA_HOME:     E:\coding_files\apache-tomcat-9.0.56
12-Jan-2022 19:54:32.705 信息 [main] org.apache.catalina.startup.VersionLoggerListener.log 命令行参数：       -Djava.util.logging.config.file=E:\coding_files\apache-tomcat-9.0.56\conf\logging.properties
12-Jan-2022 19:54:32.705 信息 [main] org.apache.catalina.startup.VersionLoggerListener.log 命令行参数：       -Djava.util.logging.manager=org.apache.juli.ClassLoaderLogManager
12-Jan-2022 19:54:32.705 信息 [main] org.apache.catalina.startup.VersionLoggerListener.log 命令行参数：       -Djdk.tls.ephemeralDHKeySize=2048
12-Jan-2022 19:54:32.706 信息 [main] org.apache.catalina.startup.VersionLoggerListener.log 命令行参数：       -Djava.protocol.handler.pkgs=org.apache.catalina.webresources
12-Jan-2022 19:54:32.706 信息 [main] org.apache.catalina.startup.VersionLoggerListener.log 命令行参数：       -Dignore.endorsed.dirs=
12-Jan-2022 19:54:32.706 信息 [main] org.apache.catalina.startup.VersionLoggerListener.log 命令行参数：       -Dcatalina.base=E:\coding_files\apache-tomcat-9.0.56
12-Jan-2022 19:54:32.706 信息 [main] org.apache.catalina.startup.VersionLoggerListener.log 命令行参数：       -Dcatalina.home=E:\coding_files\apache-tomcat-9.0.56
12-Jan-2022 19:54:32.706 信息 [main] org.apache.catalina.startup.VersionLoggerListener.log 命令行参数：       -Djava.io.tmpdir=E:\coding_files\apache-tomcat-9.0.56\temp
12-Jan-2022 19:54:32.709 信息 [main] org.apache.catalina.core.AprLifecycleListener.lifecycleEvent 使用APR版本[1.7.0]加载了基于APR的Apache Tomcat本机库[1.2.31]。
12-Jan-2022 19:54:32.709 信息 [main] org.apache.catalina.core.AprLifecycleListener.lifecycleEvent APR功能：IPv6[true]、sendfile[true]、accept filters[false]、random[true]、UDS [true]。
12-Jan-2022 19:54:32.709 信息 [main] org.apache.catalina.core.AprLifecycleListener.lifecycleEvent APR/OpenSSL配置：useAprConnector[false]，useOpenSSL[true]
12-Jan-2022 19:54:32.714 信息 [main] org.apache.catalina.core.AprLifecycleListener.initializeSSL OpenSSL成功初始化 [OpenSSL 1.1.1l  24 Aug 2021]
12-Jan-2022 19:54:32.977 信息 [main] org.apache.coyote.AbstractProtocol.init 初始化协议处理器 ["http-nio-8080"]
12-Jan-2022 19:54:32.999 信息 [main] org.apache.coyote.AbstractProtocol.init 初始化协议处理器 ["https-openssl-nio-8443"]
12-Jan-2022 19:54:33.035 严重 [main] org.apache.catalina.util.LifecycleBase.handleSubClassException 初始化组件[Connector[HTTP/1.1-8443]]失败。
	org.apache.catalina.LifecycleException: 协议处理程序初始化失败
		at org.apache.catalina.connector.Connector.initInternal(Connector.java:1049)
		at org.apache.catalina.util.LifecycleBase.init(LifecycleBase.java:136)
		at org.apache.catalina.core.StandardService.initInternal(StandardService.java:556)
		at org.apache.catalina.util.LifecycleBase.init(LifecycleBase.java:136)
		at org.apache.catalina.core.StandardServer.initInternal(StandardServer.java:1042)
		at org.apache.catalina.util.LifecycleBase.init(LifecycleBase.java:136)
		at org.apache.catalina.startup.Catalina.load(Catalina.java:724)
		at org.apache.catalina.startup.Catalina.load(Catalina.java:746)
		at sun.reflect.NativeMethodAccessorImpl.invoke0(Native Method)
		at sun.reflect.NativeMethodAccessorImpl.invoke(NativeMethodAccessorImpl.java:62)
		at sun.reflect.DelegatingMethodAccessorImpl.invoke(DelegatingMethodAccessorImpl.java:43)
		at java.lang.reflect.Method.invoke(Method.java:498)
		at org.apache.catalina.startup.Bootstrap.load(Bootstrap.java:305)
		at org.apache.catalina.startup.Bootstrap.main(Bootstrap.java:475)
	Caused by: java.lang.IllegalArgumentException: E:\coding_files\apache-tomcat-9.0.56\conf\localhost-rsa.jks (系统找不到指定的文件。)
		at org.apache.tomcat.util.net.AbstractJsseEndpoint.createSSLContext(AbstractJsseEndpoint.java:99)
		at org.apache.tomcat.util.net.AbstractJsseEndpoint.initialiseSsl(AbstractJsseEndpoint.java:71)
		at org.apache.tomcat.util.net.NioEndpoint.bind(NioEndpoint.java:233)
		at org.apache.tomcat.util.net.AbstractEndpoint.bindWithCleanup(AbstractEndpoint.java:1213)
		at org.apache.tomcat.util.net.AbstractEndpoint.init(AbstractEndpoint.java:1226)
		at org.apache.coyote.AbstractProtocol.init(AbstractProtocol.java:603)
		at org.apache.coyote.http11.AbstractHttp11Protocol.init(AbstractHttp11Protocol.java:80)
		at org.apache.catalina.connector.Connector.initInternal(Connector.java:1046)
		... 13 more
	Caused by: java.io.FileNotFoundException: E:\coding_files\apache-tomcat-9.0.56\conf\localhost-rsa.jks (系统找不到指定的文件。)
		at java.io.FileInputStream.open0(Native Method)
		at java.io.FileInputStream.open(FileInputStream.java:195)
		at java.io.FileInputStream.<init>(FileInputStream.java:138)
		at java.io.FileInputStream.<init>(FileInputStream.java:93)
		at sun.net.www.protocol.file.FileURLConnection.connect(FileURLConnection.java:90)
		at sun.net.www.protocol.file.FileURLConnection.getInputStream(FileURLConnection.java:188)
		at org.apache.catalina.startup.CatalinaBaseConfigurationSource.getResource(CatalinaBaseConfigurationSource.java:118)
		at org.apache.tomcat.util.net.SSLUtilBase.getStore(SSLUtilBase.java:197)
		at org.apache.tomcat.util.net.SSLHostConfigCertificate.getCertificateKeystore(SSLHostConfigCertificate.java:207)
		at org.apache.tomcat.util.net.SSLUtilBase.getKeyManagers(SSLUtilBase.java:281)
		at org.apache.tomcat.util.net.openssl.OpenSSLUtil.getKeyManagers(OpenSSLUtil.java:98)
		at org.apache.tomcat.util.net.SSLUtilBase.createSSLContext(SSLUtilBase.java:245)
		at org.apache.tomcat.util.net.AbstractJsseEndpoint.createSSLContext(AbstractJsseEndpoint.java:97)
		... 20 more
12-Jan-2022 19:54:33.036 信息 [main] org.apache.catalina.startup.Catalina.load 服务器在[546]毫秒内初始化
12-Jan-2022 19:54:33.071 信息 [main] org.apache.catalina.core.StandardService.startInternal 正在启动服务[Catalina]
12-Jan-2022 19:54:33.071 信息 [main] org.apache.catalina.core.StandardEngine.startInternal 正在启动 Servlet 引擎：[Apache Tomcat/9.0.56]
12-Jan-2022 19:54:33.090 信息 [main] org.apache.catalina.startup.HostConfig.deployWAR 正在部署web应用程序存档文件[E:\coding_files\apache-tomcat-9.0.56\webapps\alltogether_sec-1.war]
12-Jan-2022 19:54:37.318 信息 [main] org.apache.jasper.servlet.TldScanner.scanJars 至少有一个JAR被扫描用于TLD但尚未包含TLD。 为此记录器启用调试日志记录，以获取已扫描但未在其中找到TLD的完整JAR列表。 在扫描期间跳过不需要的JAR可以缩短启动时间和JSP编译时间。
12-Jan-2022 19:54:42.814 警告 [main] org.apache.catalina.util.SessionIdGeneratorBase.createSecureRandom 使用[SHA1PRNG]创建会话ID生成的SecureRandom实例花费了[380]毫秒。
12-Jan-2022 19:54:42.838 信息 [main] org.apache.catalina.startup.HostConfig.deployWAR web应用程序存档文件[E:\coding_files\apache-tomcat-9.0.56\webapps\alltogether_sec-1.war]的部署已在[9,748]ms内完成
12-Jan-2022 19:54:42.839 信息 [main] org.apache.catalina.startup.HostConfig.deployDirectory 把web 应用程序部署到目录 [E:\coding_files\apache-tomcat-9.0.56\webapps\docs]
12-Jan-2022 19:54:42.892 信息 [main] org.apache.catalina.startup.HostConfig.deployDirectory Web应用程序目录[E:\coding_files\apache-tomcat-9.0.56\webapps\docs]的部署已在[53]毫秒内完成
12-Jan-2022 19:54:42.893 信息 [main] org.apache.catalina.startup.HostConfig.deployDirectory 把web 应用程序部署到目录 [E:\coding_files\apache-tomcat-9.0.56\webapps\examples]
12-Jan-2022 19:54:43.292 信息 [main] org.apache.catalina.startup.HostConfig.deployDirectory Web应用程序目录[E:\coding_files\apache-tomcat-9.0.56\webapps\examples]的部署已在[399]毫秒内完成
12-Jan-2022 19:54:43.293 信息 [main] org.apache.catalina.startup.HostConfig.deployDirectory 把web 应用程序部署到目录 [E:\coding_files\apache-tomcat-9.0.56\webapps\LEo]
12-Jan-2022 19:54:43.315 信息 [main] org.apache.catalina.startup.HostConfig.deployDirectory Web应用程序目录[E:\coding_files\apache-tomcat-9.0.56\webapps\LEo]的部署已在[22]毫秒内完成
12-Jan-2022 19:54:43.315 信息 [main] org.apache.catalina.startup.HostConfig.deployDirectory 把web 应用程序部署到目录 [E:\coding_files\apache-tomcat-9.0.56\webapps\manager]
12-Jan-2022 19:54:43.350 信息 [main] org.apache.catalina.startup.HostConfig.deployDirectory Web应用程序目录[E:\coding_files\apache-tomcat-9.0.56\webapps\manager]的部署已在[34]毫秒内完成
12-Jan-2022 19:54:43.350 信息 [main] org.apache.catalina.startup.HostConfig.deployDirectory 把web 应用程序部署到目录 [E:\coding_files\apache-tomcat-9.0.56\webapps\ROOT]
12-Jan-2022 19:54:43.375 信息 [main] org.apache.catalina.startup.HostConfig.deployDirectory Web应用程序目录[E:\coding_files\apache-tomcat-9.0.56\webapps\ROOT]的部署已在[24]毫秒内完成
12-Jan-2022 19:54:43.379 信息 [main] org.apache.coyote.AbstractProtocol.start 开始协议处理句柄["http-nio-8080"]
12-Jan-2022 19:54:43.395 信息 [main] org.apache.catalina.startup.Catalina.start [10356]毫秒后服务器启动
12-Jan-2022 20:48:00.179 信息 [main] org.apache.catalina.startup.VersionLoggerListener.log Server.服务器版本: Apache Tomcat/9.0.56
12-Jan-2022 20:48:00.182 信息 [main] org.apache.catalina.startup.VersionLoggerListener.log 服务器构建:        Dec 2 2021 14:30:07 UTC
12-Jan-2022 20:48:00.182 信息 [main] org.apache.catalina.startup.VersionLoggerListener.log 服务器版本号:      9.0.56.0
12-Jan-2022 20:48:00.182 信息 [main] org.apache.catalina.startup.VersionLoggerListener.log 操作系统名称:      Windows 10
12-Jan-2022 20:48:00.183 信息 [main] org.apache.catalina.startup.VersionLoggerListener.log OS.版本:           10.0
12-Jan-2022 20:48:00.183 信息 [main] org.apache.catalina.startup.VersionLoggerListener.log 架构:              amd64
12-Jan-2022 20:48:00.183 信息 [main] org.apache.catalina.startup.VersionLoggerListener.log Java 环境变量:     D:\JAVA\JDK1.8\jre
12-Jan-2022 20:48:00.183 信息 [main] org.apache.catalina.startup.VersionLoggerListener.log Java虚拟机版本:    1.8.0_312-b07
12-Jan-2022 20:48:00.183 信息 [main] org.apache.catalina.startup.VersionLoggerListener.log JVM.供应商:        Amazon.com Inc.
12-Jan-2022 20:48:00.183 信息 [main] org.apache.catalina.startup.VersionLoggerListener.log CATALINA_BASE:     E:\coding_files\apache-tomcat-9.0.56
12-Jan-2022 20:48:00.183 信息 [main] org.apache.catalina.startup.VersionLoggerListener.log CATALINA_HOME:     E:\coding_files\apache-tomcat-9.0.56
12-Jan-2022 20:48:00.184 信息 [main] org.apache.catalina.startup.VersionLoggerListener.log 命令行参数：       -Djava.util.logging.config.file=E:\coding_files\apache-tomcat-9.0.56\conf\logging.properties
12-Jan-2022 20:48:00.184 信息 [main] org.apache.catalina.startup.VersionLoggerListener.log 命令行参数：       -Djava.util.logging.manager=org.apache.juli.ClassLoaderLogManager
12-Jan-2022 20:48:00.185 信息 [main] org.apache.catalina.startup.VersionLoggerListener.log 命令行参数：       -Djdk.tls.ephemeralDHKeySize=2048
12-Jan-2022 20:48:00.185 信息 [main] org.apache.catalina.startup.VersionLoggerListener.log 命令行参数：       -Djava.protocol.handler.pkgs=org.apache.catalina.webresources
12-Jan-2022 20:48:00.185 信息 [main] org.apache.catalina.startup.VersionLoggerListener.log 命令行参数：       -Dignore.endorsed.dirs=
12-Jan-2022 20:48:00.185 信息 [main] org.apache.catalina.startup.VersionLoggerListener.log 命令行参数：       -Dcatalina.base=E:\coding_files\apache-tomcat-9.0.56
12-Jan-2022 20:48:00.185 信息 [main] org.apache.catalina.startup.VersionLoggerListener.log 命令行参数：       -Dcatalina.home=E:\coding_files\apache-tomcat-9.0.56
12-Jan-2022 20:48:00.186 信息 [main] org.apache.catalina.startup.VersionLoggerListener.log 命令行参数：       -Djava.io.tmpdir=E:\coding_files\apache-tomcat-9.0.56\temp
12-Jan-2022 20:48:00.190 信息 [main] org.apache.catalina.core.AprLifecycleListener.lifecycleEvent 使用APR版本[1.7.0]加载了基于APR的Apache Tomcat本机库[1.2.31]。
12-Jan-2022 20:48:00.190 信息 [main] org.apache.catalina.core.AprLifecycleListener.lifecycleEvent APR功能：IPv6[true]、sendfile[true]、accept filters[false]、random[true]、UDS [true]。
12-Jan-2022 20:48:00.191 信息 [main] org.apache.catalina.core.AprLifecycleListener.lifecycleEvent APR/OpenSSL配置：useAprConnector[false]，useOpenSSL[true]
12-Jan-2022 20:48:00.195 信息 [main] org.apache.catalina.core.AprLifecycleListener.initializeSSL OpenSSL成功初始化 [OpenSSL 1.1.1l  24 Aug 2021]
12-Jan-2022 20:48:00.492 信息 [main] org.apache.coyote.AbstractProtocol.init 初始化协议处理器 ["http-nio-8080"]
12-Jan-2022 20:48:00.516 信息 [main] org.apache.coyote.AbstractProtocol.init 初始化协议处理器 ["https-openssl-nio-8443"]
12-Jan-2022 20:48:00.547 严重 [main] org.apache.catalina.util.LifecycleBase.handleSubClassException 初始化组件[Connector[HTTP/1.1-8443]]失败。
	org.apache.catalina.LifecycleException: 协议处理程序初始化失败
		at org.apache.catalina.connector.Connector.initInternal(Connector.java:1049)
		at org.apache.catalina.util.LifecycleBase.init(LifecycleBase.java:136)
		at org.apache.catalina.core.StandardService.initInternal(StandardService.java:556)
		at org.apache.catalina.util.LifecycleBase.init(LifecycleBase.java:136)
		at org.apache.catalina.core.StandardServer.initInternal(StandardServer.java:1042)
		at org.apache.catalina.util.LifecycleBase.init(LifecycleBase.java:136)
		at org.apache.catalina.startup.Catalina.load(Catalina.java:724)
		at org.apache.catalina.startup.Catalina.load(Catalina.java:746)
		at sun.reflect.NativeMethodAccessorImpl.invoke0(Native Method)
		at sun.reflect.NativeMethodAccessorImpl.invoke(NativeMethodAccessorImpl.java:62)
		at sun.reflect.DelegatingMethodAccessorImpl.invoke(DelegatingMethodAccessorImpl.java:43)
		at java.lang.reflect.Method.invoke(Method.java:498)
		at org.apache.catalina.startup.Bootstrap.load(Bootstrap.java:305)
		at org.apache.catalina.startup.Bootstrap.main(Bootstrap.java:475)
	Caused by: java.lang.IllegalArgumentException: E:\coding_files\apache-tomcat-9.0.56\conf\localhost-rsa.jks (系统找不到指定的文件。)
		at org.apache.tomcat.util.net.AbstractJsseEndpoint.createSSLContext(AbstractJsseEndpoint.java:99)
		at org.apache.tomcat.util.net.AbstractJsseEndpoint.initialiseSsl(AbstractJsseEndpoint.java:71)
		at org.apache.tomcat.util.net.NioEndpoint.bind(NioEndpoint.java:233)
		at org.apache.tomcat.util.net.AbstractEndpoint.bindWithCleanup(AbstractEndpoint.java:1213)
		at org.apache.tomcat.util.net.AbstractEndpoint.init(AbstractEndpoint.java:1226)
		at org.apache.coyote.AbstractProtocol.init(AbstractProtocol.java:603)
		at org.apache.coyote.http11.AbstractHttp11Protocol.init(AbstractHttp11Protocol.java:80)
		at org.apache.catalina.connector.Connector.initInternal(Connector.java:1046)
		... 13 more
	Caused by: java.io.FileNotFoundException: E:\coding_files\apache-tomcat-9.0.56\conf\localhost-rsa.jks (系统找不到指定的文件。)
		at java.io.FileInputStream.open0(Native Method)
		at java.io.FileInputStream.open(FileInputStream.java:195)
		at java.io.FileInputStream.<init>(FileInputStream.java:138)
		at java.io.FileInputStream.<init>(FileInputStream.java:93)
		at sun.net.www.protocol.file.FileURLConnection.connect(FileURLConnection.java:90)
		at sun.net.www.protocol.file.FileURLConnection.getInputStream(FileURLConnection.java:188)
		at org.apache.catalina.startup.CatalinaBaseConfigurationSource.getResource(CatalinaBaseConfigurationSource.java:118)
		at org.apache.tomcat.util.net.SSLUtilBase.getStore(SSLUtilBase.java:197)
		at org.apache.tomcat.util.net.SSLHostConfigCertificate.getCertificateKeystore(SSLHostConfigCertificate.java:207)
		at org.apache.tomcat.util.net.SSLUtilBase.getKeyManagers(SSLUtilBase.java:281)
		at org.apache.tomcat.util.net.openssl.OpenSSLUtil.getKeyManagers(OpenSSLUtil.java:98)
		at org.apache.tomcat.util.net.SSLUtilBase.createSSLContext(SSLUtilBase.java:245)
		at org.apache.tomcat.util.net.AbstractJsseEndpoint.createSSLContext(AbstractJsseEndpoint.java:97)
		... 20 more
12-Jan-2022 20:48:00.548 信息 [main] org.apache.catalina.startup.Catalina.load 服务器在[572]毫秒内初始化
12-Jan-2022 20:48:00.580 信息 [main] org.apache.catalina.core.StandardService.startInternal 正在启动服务[Catalina]
12-Jan-2022 20:48:00.580 信息 [main] org.apache.catalina.core.StandardEngine.startInternal 正在启动 Servlet 引擎：[Apache Tomcat/9.0.56]
12-Jan-2022 20:48:00.596 信息 [main] org.apache.catalina.startup.HostConfig.deployWAR 正在部署web应用程序存档文件[E:\coding_files\apache-tomcat-9.0.56\webapps\alltogether-0.0.1-SNAPSHOT.war]
12-Jan-2022 20:48:05.194 信息 [main] org.apache.jasper.servlet.TldScanner.scanJars 至少有一个JAR被扫描用于TLD但尚未包含TLD。 为此记录器启用调试日志记录，以获取已扫描但未在其中找到TLD的完整JAR列表。 在扫描期间跳过不需要的JAR可以缩短启动时间和JSP编译时间。
12-Jan-2022 20:48:11.103 警告 [main] org.apache.catalina.util.SessionIdGeneratorBase.createSecureRandom 使用[SHA1PRNG]创建会话ID生成的SecureRandom实例花费了[384]毫秒。
12-Jan-2022 20:48:11.141 信息 [main] org.apache.catalina.startup.HostConfig.deployWAR web应用程序存档文件[E:\coding_files\apache-tomcat-9.0.56\webapps\alltogether-0.0.1-SNAPSHOT.war]的部署已在[10,545]ms内完成
12-Jan-2022 20:48:11.144 信息 [main] org.apache.catalina.startup.HostConfig.deployDirectory 把web 应用程序部署到目录 [E:\coding_files\apache-tomcat-9.0.56\webapps\docs]
12-Jan-2022 20:48:11.174 信息 [main] org.apache.catalina.startup.HostConfig.deployDirectory Web应用程序目录[E:\coding_files\apache-tomcat-9.0.56\webapps\docs]的部署已在[30]毫秒内完成
12-Jan-2022 20:48:11.174 信息 [main] org.apache.catalina.startup.HostConfig.deployDirectory 把web 应用程序部署到目录 [E:\coding_files\apache-tomcat-9.0.56\webapps\examples]
12-Jan-2022 20:48:11.625 信息 [main] org.apache.catalina.startup.HostConfig.deployDirectory Web应用程序目录[E:\coding_files\apache-tomcat-9.0.56\webapps\examples]的部署已在[451]毫秒内完成
12-Jan-2022 20:48:11.625 信息 [main] org.apache.catalina.startup.HostConfig.deployDirectory 把web 应用程序部署到目录 [E:\coding_files\apache-tomcat-9.0.56\webapps\LEo]
12-Jan-2022 20:48:11.652 信息 [main] org.apache.catalina.startup.HostConfig.deployDirectory Web应用程序目录[E:\coding_files\apache-tomcat-9.0.56\webapps\LEo]的部署已在[27]毫秒内完成
12-Jan-2022 20:48:11.653 信息 [main] org.apache.catalina.startup.HostConfig.deployDirectory 把web 应用程序部署到目录 [E:\coding_files\apache-tomcat-9.0.56\webapps\manager]
12-Jan-2022 20:48:11.688 信息 [main] org.apache.catalina.startup.HostConfig.deployDirectory Web应用程序目录[E:\coding_files\apache-tomcat-9.0.56\webapps\manager]的部署已在[35]毫秒内完成
12-Jan-2022 20:48:11.689 信息 [main] org.apache.catalina.startup.HostConfig.deployDirectory 把web 应用程序部署到目录 [E:\coding_files\apache-tomcat-9.0.56\webapps\ROOT]
12-Jan-2022 20:48:11.712 信息 [main] org.apache.catalina.startup.HostConfig.deployDirectory Web应用程序目录[E:\coding_files\apache-tomcat-9.0.56\webapps\ROOT]的部署已在[23]毫秒内完成
12-Jan-2022 20:48:11.716 信息 [main] org.apache.coyote.AbstractProtocol.start 开始协议处理句柄["http-nio-8080"]
12-Jan-2022 20:48:11.731 信息 [main] org.apache.catalina.startup.Catalina.start [11181]毫秒后服务器启动
12-Jan-2022 20:57:38.572 信息 [main] org.apache.catalina.core.StandardServer.await 通过关闭端口接收到有效的关闭命令。正在停止服务器实例。
12-Jan-2022 20:57:38.572 信息 [main] org.apache.coyote.AbstractProtocol.pause 暂停ProtocolHandler["http-nio-8080"]
12-Jan-2022 20:57:38.874 信息 [main] org.apache.coyote.AbstractProtocol.pause 暂停ProtocolHandler["https-openssl-nio-8443"]
12-Jan-2022 20:57:38.874 信息 [main] org.apache.catalina.core.StandardService.stopInternal 正在停止服务[Catalina]
12-Jan-2022 20:57:38.911 警告 [main] org.apache.catalina.loader.WebappClassLoaderBase.clearReferencesThreads Web应用程序[alltogether-0.0.1-SNAPSHOT]似乎启动了一个名为[mysql-cj-abandoned-connection-cleanup]的线程，但未能停止它。这很可能会造成内存泄漏。线程的堆栈跟踪：[
 java.lang.Object.wait(Native Method)
 java.lang.ref.ReferenceQueue.remove(ReferenceQueue.java:144)
 com.mysql.cj.jdbc.AbandonedConnectionCleanupThread.run(AbandonedConnectionCleanupThread.java:91)
 java.util.concurrent.ThreadPoolExecutor.runWorker(ThreadPoolExecutor.java:1149)
 java.util.concurrent.ThreadPoolExecutor$Worker.run(ThreadPoolExecutor.java:624)
 java.lang.Thread.run(Thread.java:748)]
12-Jan-2022 20:57:38.920 信息 [main] org.apache.coyote.AbstractProtocol.stop 正在停止ProtocolHandler ["http-nio-8080"]
12-Jan-2022 20:57:38.931 信息 [main] org.apache.coyote.AbstractProtocol.destroy 正在摧毁协议处理器 ["http-nio-8080"]
12-Jan-2022 20:57:38.931 信息 [main] org.apache.coyote.AbstractProtocol.stop 正在停止ProtocolHandler ["https-openssl-nio-8443"]
12-Jan-2022 20:57:38.932 信息 [main] org.apache.coyote.AbstractProtocol.destroy 正在摧毁协议处理器 ["https-openssl-nio-8443"]
12-Jan-2022 20:57:41.156 信息 [main] org.apache.catalina.startup.VersionLoggerListener.log Server.服务器版本: Apache Tomcat/9.0.56
12-Jan-2022 20:57:41.159 信息 [main] org.apache.catalina.startup.VersionLoggerListener.log 服务器构建:        Dec 2 2021 14:30:07 UTC
12-Jan-2022 20:57:41.160 信息 [main] org.apache.catalina.startup.VersionLoggerListener.log 服务器版本号:      9.0.56.0
12-Jan-2022 20:57:41.160 信息 [main] org.apache.catalina.startup.VersionLoggerListener.log 操作系统名称:      Windows 10
12-Jan-2022 20:57:41.160 信息 [main] org.apache.catalina.startup.VersionLoggerListener.log OS.版本:           10.0
12-Jan-2022 20:57:41.160 信息 [main] org.apache.catalina.startup.VersionLoggerListener.log 架构:              amd64
12-Jan-2022 20:57:41.160 信息 [main] org.apache.catalina.startup.VersionLoggerListener.log Java 环境变量:     D:\JAVA\JDK1.8\jre
12-Jan-2022 20:57:41.160 信息 [main] org.apache.catalina.startup.VersionLoggerListener.log Java虚拟机版本:    1.8.0_312-b07
12-Jan-2022 20:57:41.160 信息 [main] org.apache.catalina.startup.VersionLoggerListener.log JVM.供应商:        Amazon.com Inc.
12-Jan-2022 20:57:41.160 信息 [main] org.apache.catalina.startup.VersionLoggerListener.log CATALINA_BASE:     E:\coding_files\apache-tomcat-9.0.56
12-Jan-2022 20:57:41.160 信息 [main] org.apache.catalina.startup.VersionLoggerListener.log CATALINA_HOME:     E:\coding_files\apache-tomcat-9.0.56
12-Jan-2022 20:57:41.161 信息 [main] org.apache.catalina.startup.VersionLoggerListener.log 命令行参数：       -Djava.util.logging.config.file=E:\coding_files\apache-tomcat-9.0.56\conf\logging.properties
12-Jan-2022 20:57:41.161 信息 [main] org.apache.catalina.startup.VersionLoggerListener.log 命令行参数：       -Djava.util.logging.manager=org.apache.juli.ClassLoaderLogManager
12-Jan-2022 20:57:41.161 信息 [main] org.apache.catalina.startup.VersionLoggerListener.log 命令行参数：       -Djdk.tls.ephemeralDHKeySize=2048
12-Jan-2022 20:57:41.161 信息 [main] org.apache.catalina.startup.VersionLoggerListener.log 命令行参数：       -Djava.protocol.handler.pkgs=org.apache.catalina.webresources
12-Jan-2022 20:57:41.161 信息 [main] org.apache.catalina.startup.VersionLoggerListener.log 命令行参数：       -Dignore.endorsed.dirs=
12-Jan-2022 20:57:41.162 信息 [main] org.apache.catalina.startup.VersionLoggerListener.log 命令行参数：       -Dcatalina.base=E:\coding_files\apache-tomcat-9.0.56
12-Jan-2022 20:57:41.162 信息 [main] org.apache.catalina.startup.VersionLoggerListener.log 命令行参数：       -Dcatalina.home=E:\coding_files\apache-tomcat-9.0.56
12-Jan-2022 20:57:41.162 信息 [main] org.apache.catalina.startup.VersionLoggerListener.log 命令行参数：       -Djava.io.tmpdir=E:\coding_files\apache-tomcat-9.0.56\temp
12-Jan-2022 20:57:41.167 信息 [main] org.apache.catalina.core.AprLifecycleListener.lifecycleEvent 使用APR版本[1.7.0]加载了基于APR的Apache Tomcat本机库[1.2.31]。
12-Jan-2022 20:57:41.167 信息 [main] org.apache.catalina.core.AprLifecycleListener.lifecycleEvent APR功能：IPv6[true]、sendfile[true]、accept filters[false]、random[true]、UDS [true]。
12-Jan-2022 20:57:41.167 信息 [main] org.apache.catalina.core.AprLifecycleListener.lifecycleEvent APR/OpenSSL配置：useAprConnector[false]，useOpenSSL[true]
12-Jan-2022 20:57:41.171 信息 [main] org.apache.catalina.core.AprLifecycleListener.initializeSSL OpenSSL成功初始化 [OpenSSL 1.1.1l  24 Aug 2021]
12-Jan-2022 20:57:41.423 信息 [main] org.apache.coyote.AbstractProtocol.init 初始化协议处理器 ["http-nio-8089"]
12-Jan-2022 20:57:41.447 信息 [main] org.apache.coyote.AbstractProtocol.init 初始化协议处理器 ["https-openssl-nio-8443"]
12-Jan-2022 20:57:41.483 严重 [main] org.apache.catalina.util.LifecycleBase.handleSubClassException 初始化组件[Connector[HTTP/1.1-8443]]失败。
	org.apache.catalina.LifecycleException: 协议处理程序初始化失败
		at org.apache.catalina.connector.Connector.initInternal(Connector.java:1049)
		at org.apache.catalina.util.LifecycleBase.init(LifecycleBase.java:136)
		at org.apache.catalina.core.StandardService.initInternal(StandardService.java:556)
		at org.apache.catalina.util.LifecycleBase.init(LifecycleBase.java:136)
		at org.apache.catalina.core.StandardServer.initInternal(StandardServer.java:1042)
		at org.apache.catalina.util.LifecycleBase.init(LifecycleBase.java:136)
		at org.apache.catalina.startup.Catalina.load(Catalina.java:724)
		at org.apache.catalina.startup.Catalina.load(Catalina.java:746)
		at sun.reflect.NativeMethodAccessorImpl.invoke0(Native Method)
		at sun.reflect.NativeMethodAccessorImpl.invoke(NativeMethodAccessorImpl.java:62)
		at sun.reflect.DelegatingMethodAccessorImpl.invoke(DelegatingMethodAccessorImpl.java:43)
		at java.lang.reflect.Method.invoke(Method.java:498)
		at org.apache.catalina.startup.Bootstrap.load(Bootstrap.java:305)
		at org.apache.catalina.startup.Bootstrap.main(Bootstrap.java:475)
	Caused by: java.lang.IllegalArgumentException: E:\coding_files\apache-tomcat-9.0.56\conf\localhost-rsa.jks (系统找不到指定的文件。)
		at org.apache.tomcat.util.net.AbstractJsseEndpoint.createSSLContext(AbstractJsseEndpoint.java:99)
		at org.apache.tomcat.util.net.AbstractJsseEndpoint.initialiseSsl(AbstractJsseEndpoint.java:71)
		at org.apache.tomcat.util.net.NioEndpoint.bind(NioEndpoint.java:233)
		at org.apache.tomcat.util.net.AbstractEndpoint.bindWithCleanup(AbstractEndpoint.java:1213)
		at org.apache.tomcat.util.net.AbstractEndpoint.init(AbstractEndpoint.java:1226)
		at org.apache.coyote.AbstractProtocol.init(AbstractProtocol.java:603)
		at org.apache.coyote.http11.AbstractHttp11Protocol.init(AbstractHttp11Protocol.java:80)
		at org.apache.catalina.connector.Connector.initInternal(Connector.java:1046)
		... 13 more
	Caused by: java.io.FileNotFoundException: E:\coding_files\apache-tomcat-9.0.56\conf\localhost-rsa.jks (系统找不到指定的文件。)
		at java.io.FileInputStream.open0(Native Method)
		at java.io.FileInputStream.open(FileInputStream.java:195)
		at java.io.FileInputStream.<init>(FileInputStream.java:138)
		at java.io.FileInputStream.<init>(FileInputStream.java:93)
		at sun.net.www.protocol.file.FileURLConnection.connect(FileURLConnection.java:90)
		at sun.net.www.protocol.file.FileURLConnection.getInputStream(FileURLConnection.java:188)
		at org.apache.catalina.startup.CatalinaBaseConfigurationSource.getResource(CatalinaBaseConfigurationSource.java:118)
		at org.apache.tomcat.util.net.SSLUtilBase.getStore(SSLUtilBase.java:197)
		at org.apache.tomcat.util.net.SSLHostConfigCertificate.getCertificateKeystore(SSLHostConfigCertificate.java:207)
		at org.apache.tomcat.util.net.SSLUtilBase.getKeyManagers(SSLUtilBase.java:281)
		at org.apache.tomcat.util.net.openssl.OpenSSLUtil.getKeyManagers(OpenSSLUtil.java:98)
		at org.apache.tomcat.util.net.SSLUtilBase.createSSLContext(SSLUtilBase.java:245)
		at org.apache.tomcat.util.net.AbstractJsseEndpoint.createSSLContext(AbstractJsseEndpoint.java:97)
		... 20 more
12-Jan-2022 20:57:41.485 信息 [main] org.apache.catalina.startup.Catalina.load 服务器在[520]毫秒内初始化
12-Jan-2022 20:57:41.515 信息 [main] org.apache.catalina.core.StandardService.startInternal 正在启动服务[Catalina]
12-Jan-2022 20:57:41.515 信息 [main] org.apache.catalina.core.StandardEngine.startInternal 正在启动 Servlet 引擎：[Apache Tomcat/9.0.56]
12-Jan-2022 20:57:41.534 信息 [main] org.apache.catalina.startup.HostConfig.deployWAR 正在部署web应用程序存档文件[E:\coding_files\apache-tomcat-9.0.56\webapps\alltogether-0.0.1-SNAPSHOT.war]
12-Jan-2022 20:57:44.538 信息 [main] org.apache.jasper.servlet.TldScanner.scanJars 至少有一个JAR被扫描用于TLD但尚未包含TLD。 为此记录器启用调试日志记录，以获取已扫描但未在其中找到TLD的完整JAR列表。 在扫描期间跳过不需要的JAR可以缩短启动时间和JSP编译时间。
12-Jan-2022 20:57:50.040 警告 [main] org.apache.catalina.util.SessionIdGeneratorBase.createSecureRandom 使用[SHA1PRNG]创建会话ID生成的SecureRandom实例花费了[327]毫秒。
12-Jan-2022 20:57:50.060 信息 [main] org.apache.catalina.startup.HostConfig.deployWAR web应用程序存档文件[E:\coding_files\apache-tomcat-9.0.56\webapps\alltogether-0.0.1-SNAPSHOT.war]的部署已在[8,526]ms内完成
12-Jan-2022 20:57:50.062 信息 [main] org.apache.catalina.startup.HostConfig.deployDirectory 把web 应用程序部署到目录 [E:\coding_files\apache-tomcat-9.0.56\webapps\docs]
12-Jan-2022 20:57:50.086 信息 [main] org.apache.catalina.startup.HostConfig.deployDirectory Web应用程序目录[E:\coding_files\apache-tomcat-9.0.56\webapps\docs]的部署已在[24]毫秒内完成
12-Jan-2022 20:57:50.086 信息 [main] org.apache.catalina.startup.HostConfig.deployDirectory 把web 应用程序部署到目录 [E:\coding_files\apache-tomcat-9.0.56\webapps\examples]
12-Jan-2022 20:57:50.416 信息 [main] org.apache.catalina.startup.HostConfig.deployDirectory Web应用程序目录[E:\coding_files\apache-tomcat-9.0.56\webapps\examples]的部署已在[330]毫秒内完成
12-Jan-2022 20:57:50.416 信息 [main] org.apache.catalina.startup.HostConfig.deployDirectory 把web 应用程序部署到目录 [E:\coding_files\apache-tomcat-9.0.56\webapps\LEo]
12-Jan-2022 20:57:50.444 信息 [main] org.apache.catalina.startup.HostConfig.deployDirectory Web应用程序目录[E:\coding_files\apache-tomcat-9.0.56\webapps\LEo]的部署已在[28]毫秒内完成
12-Jan-2022 20:57:50.444 信息 [main] org.apache.catalina.startup.HostConfig.deployDirectory 把web 应用程序部署到目录 [E:\coding_files\apache-tomcat-9.0.56\webapps\manager]
12-Jan-2022 20:57:50.480 信息 [main] org.apache.catalina.startup.HostConfig.deployDirectory Web应用程序目录[E:\coding_files\apache-tomcat-9.0.56\webapps\manager]的部署已在[36]毫秒内完成
12-Jan-2022 20:57:50.481 信息 [main] org.apache.catalina.startup.HostConfig.deployDirectory 把web 应用程序部署到目录 [E:\coding_files\apache-tomcat-9.0.56\webapps\ROOT]
12-Jan-2022 20:57:50.505 信息 [main] org.apache.catalina.startup.HostConfig.deployDirectory Web应用程序目录[E:\coding_files\apache-tomcat-9.0.56\webapps\ROOT]的部署已在[24]毫秒内完成
12-Jan-2022 20:57:50.509 信息 [main] org.apache.coyote.AbstractProtocol.start 开始协议处理句柄["http-nio-8089"]
12-Jan-2022 20:57:50.524 信息 [main] org.apache.catalina.startup.Catalina.start [9037]毫秒后服务器启动
