20-Dec-2021 18:05:31.364 信息 [main] org.apache.catalina.startup.VersionLoggerListener.log Server.服务器版本: Apache Tomcat/9.0.56
20-Dec-2021 18:05:31.369 信息 [main] org.apache.catalina.startup.VersionLoggerListener.log 服务器构建:        Dec 2 2021 14:30:07 UTC
20-Dec-2021 18:05:31.371 信息 [main] org.apache.catalina.startup.VersionLoggerListener.log 服务器版本号:      9.0.56.0
20-Dec-2021 18:05:31.371 信息 [main] org.apache.catalina.startup.VersionLoggerListener.log 操作系统名称:      Windows 10
20-Dec-2021 18:05:31.371 信息 [main] org.apache.catalina.startup.VersionLoggerListener.log OS.版本:           10.0
20-Dec-2021 18:05:31.371 信息 [main] org.apache.catalina.startup.VersionLoggerListener.log 架构:              amd64
20-Dec-2021 18:05:31.371 信息 [main] org.apache.catalina.startup.VersionLoggerListener.log Java 环境变量:     D:\JAVA\JDK1.8\jre
20-Dec-2021 18:05:31.371 信息 [main] org.apache.catalina.startup.VersionLoggerListener.log Java虚拟机版本:    1.8.0_312-b07
20-Dec-2021 18:05:31.371 信息 [main] org.apache.catalina.startup.VersionLoggerListener.log JVM.供应商:        Amazon.com Inc.
20-Dec-2021 18:05:31.371 信息 [main] org.apache.catalina.startup.VersionLoggerListener.log CATALINA_BASE:     E:\coding_files\apache-tomcat-9.0.56
20-Dec-2021 18:05:31.372 信息 [main] org.apache.catalina.startup.VersionLoggerListener.log CATALINA_HOME:     E:\coding_files\apache-tomcat-9.0.56
20-Dec-2021 18:05:31.372 信息 [main] org.apache.catalina.startup.VersionLoggerListener.log 命令行参数：       -Djava.util.logging.config.file=E:\coding_files\apache-tomcat-9.0.56\conf\logging.properties
20-Dec-2021 18:05:31.373 信息 [main] org.apache.catalina.startup.VersionLoggerListener.log 命令行参数：       -Djava.util.logging.manager=org.apache.juli.ClassLoaderLogManager
20-Dec-2021 18:05:31.373 信息 [main] org.apache.catalina.startup.VersionLoggerListener.log 命令行参数：       -Djdk.tls.ephemeralDHKeySize=2048
20-Dec-2021 18:05:31.373 信息 [main] org.apache.catalina.startup.VersionLoggerListener.log 命令行参数：       -Djava.protocol.handler.pkgs=org.apache.catalina.webresources
20-Dec-2021 18:05:31.373 信息 [main] org.apache.catalina.startup.VersionLoggerListener.log 命令行参数：       -Dignore.endorsed.dirs=
20-Dec-2021 18:05:31.373 信息 [main] org.apache.catalina.startup.VersionLoggerListener.log 命令行参数：       -Dcatalina.base=E:\coding_files\apache-tomcat-9.0.56
20-Dec-2021 18:05:31.373 信息 [main] org.apache.catalina.startup.VersionLoggerListener.log 命令行参数：       -Dcatalina.home=E:\coding_files\apache-tomcat-9.0.56
20-Dec-2021 18:05:31.373 信息 [main] org.apache.catalina.startup.VersionLoggerListener.log 命令行参数：       -Djava.io.tmpdir=E:\coding_files\apache-tomcat-9.0.56\temp
20-Dec-2021 18:05:31.380 信息 [main] org.apache.catalina.core.AprLifecycleListener.lifecycleEvent 使用APR版本[1.7.0]加载了基于APR的Apache Tomcat本机库[1.2.31]。
20-Dec-2021 18:05:31.380 信息 [main] org.apache.catalina.core.AprLifecycleListener.lifecycleEvent APR功能：IPv6[true]、sendfile[true]、accept filters[false]、random[true]、UDS [true]。
20-Dec-2021 18:05:31.380 信息 [main] org.apache.catalina.core.AprLifecycleListener.lifecycleEvent APR/OpenSSL配置：useAprConnector[false]，useOpenSSL[true]
20-Dec-2021 18:05:31.395 信息 [main] org.apache.catalina.core.AprLifecycleListener.initializeSSL OpenSSL成功初始化 [OpenSSL 1.1.1l  24 Aug 2021]
20-Dec-2021 18:05:31.696 信息 [main] org.apache.coyote.AbstractProtocol.init 初始化协议处理器 ["http-nio-8080"]
20-Dec-2021 18:05:31.706 严重 [main] org.apache.catalina.util.LifecycleBase.handleSubClassException 初始化组件[Connector[HTTP/1.1-8080]]失败。
	org.apache.catalina.LifecycleException: 协议处理程序初始化失败
		at org.apache.catalina.connector.Connector.initInternal(Connector.java:1049)
		at org.apache.catalina.util.LifecycleBase.init(LifecycleBase.java:136)
		at org.apache.catalina.core.StandardService.initInternal(StandardService.java:556)
		at org.apache.catalina.util.LifecycleBase.init(LifecycleBase.java:136)
		at org.apache.catalina.core.StandardServer.initInternal(StandardServer.java:1042)
		at org.apache.catalina.util.LifecycleBase.init(LifecycleBase.java:136)
		at org.apache.catalina.startup.Catalina.load(Catalina.java:724)
		at org.apache.catalina.startup.Catalina.load(Catalina.java:746)
		at sun.reflect.NativeMethodAccessorImpl.invoke0(Native Method)
		at sun.reflect.NativeMethodAccessorImpl.invoke(NativeMethodAccessorImpl.java:62)
		at sun.reflect.DelegatingMethodAccessorImpl.invoke(DelegatingMethodAccessorImpl.java:43)
		at java.lang.reflect.Method.invoke(Method.java:498)
		at org.apache.catalina.startup.Bootstrap.load(Bootstrap.java:305)
		at org.apache.catalina.startup.Bootstrap.main(Bootstrap.java:475)
	Caused by: java.net.BindException: Address already in use: bind
		at sun.nio.ch.Net.bind0(Native Method)
		at sun.nio.ch.Net.bind(Net.java:461)
		at sun.nio.ch.Net.bind(Net.java:453)
		at sun.nio.ch.ServerSocketChannelImpl.bind(ServerSocketChannelImpl.java:222)
		at org.apache.tomcat.util.net.NioEndpoint.initServerSocket(NioEndpoint.java:273)
		at org.apache.tomcat.util.net.NioEndpoint.bind(NioEndpoint.java:228)
		at org.apache.tomcat.util.net.AbstractEndpoint.bindWithCleanup(AbstractEndpoint.java:1213)
		at org.apache.tomcat.util.net.AbstractEndpoint.init(AbstractEndpoint.java:1226)
		at org.apache.coyote.AbstractProtocol.init(AbstractProtocol.java:603)
		at org.apache.coyote.http11.AbstractHttp11Protocol.init(AbstractHttp11Protocol.java:80)
		at org.apache.catalina.connector.Connector.initInternal(Connector.java:1046)
		... 13 more
20-Dec-2021 18:05:31.708 信息 [main] org.apache.coyote.AbstractProtocol.init 初始化协议处理器 ["https-openssl-nio-8443"]
20-Dec-2021 18:05:31.747 严重 [main] org.apache.catalina.util.LifecycleBase.handleSubClassException 初始化组件[Connector[HTTP/1.1-8443]]失败。
	org.apache.catalina.LifecycleException: 协议处理程序初始化失败
		at org.apache.catalina.connector.Connector.initInternal(Connector.java:1049)
		at org.apache.catalina.util.LifecycleBase.init(LifecycleBase.java:136)
		at org.apache.catalina.core.StandardService.initInternal(StandardService.java:556)
		at org.apache.catalina.util.LifecycleBase.init(LifecycleBase.java:136)
		at org.apache.catalina.core.StandardServer.initInternal(StandardServer.java:1042)
		at org.apache.catalina.util.LifecycleBase.init(LifecycleBase.java:136)
		at org.apache.catalina.startup.Catalina.load(Catalina.java:724)
		at org.apache.catalina.startup.Catalina.load(Catalina.java:746)
		at sun.reflect.NativeMethodAccessorImpl.invoke0(Native Method)
		at sun.reflect.NativeMethodAccessorImpl.invoke(NativeMethodAccessorImpl.java:62)
		at sun.reflect.DelegatingMethodAccessorImpl.invoke(DelegatingMethodAccessorImpl.java:43)
		at java.lang.reflect.Method.invoke(Method.java:498)
		at org.apache.catalina.startup.Bootstrap.load(Bootstrap.java:305)
		at org.apache.catalina.startup.Bootstrap.main(Bootstrap.java:475)
	Caused by: java.lang.IllegalArgumentException: E:\coding_files\apache-tomcat-9.0.56\conf\localhost-rsa.jks (系统找不到指定的文件。)
		at org.apache.tomcat.util.net.AbstractJsseEndpoint.createSSLContext(AbstractJsseEndpoint.java:99)
		at org.apache.tomcat.util.net.AbstractJsseEndpoint.initialiseSsl(AbstractJsseEndpoint.java:71)
		at org.apache.tomcat.util.net.NioEndpoint.bind(NioEndpoint.java:233)
		at org.apache.tomcat.util.net.AbstractEndpoint.bindWithCleanup(AbstractEndpoint.java:1213)
		at org.apache.tomcat.util.net.AbstractEndpoint.init(AbstractEndpoint.java:1226)
		at org.apache.coyote.AbstractProtocol.init(AbstractProtocol.java:603)
		at org.apache.coyote.http11.AbstractHttp11Protocol.init(AbstractHttp11Protocol.java:80)
		at org.apache.catalina.connector.Connector.initInternal(Connector.java:1046)
		... 13 more
	Caused by: java.io.FileNotFoundException: E:\coding_files\apache-tomcat-9.0.56\conf\localhost-rsa.jks (系统找不到指定的文件。)
		at java.io.FileInputStream.open0(Native Method)
		at java.io.FileInputStream.open(FileInputStream.java:195)
		at java.io.FileInputStream.<init>(FileInputStream.java:138)
		at java.io.FileInputStream.<init>(FileInputStream.java:93)
		at sun.net.www.protocol.file.FileURLConnection.connect(FileURLConnection.java:90)
		at sun.net.www.protocol.file.FileURLConnection.getInputStream(FileURLConnection.java:188)
		at org.apache.catalina.startup.CatalinaBaseConfigurationSource.getResource(CatalinaBaseConfigurationSource.java:118)
		at org.apache.tomcat.util.net.SSLUtilBase.getStore(SSLUtilBase.java:197)
		at org.apache.tomcat.util.net.SSLHostConfigCertificate.getCertificateKeystore(SSLHostConfigCertificate.java:207)
		at org.apache.tomcat.util.net.SSLUtilBase.getKeyManagers(SSLUtilBase.java:281)
		at org.apache.tomcat.util.net.openssl.OpenSSLUtil.getKeyManagers(OpenSSLUtil.java:98)
		at org.apache.tomcat.util.net.SSLUtilBase.createSSLContext(SSLUtilBase.java:245)
		at org.apache.tomcat.util.net.AbstractJsseEndpoint.createSSLContext(AbstractJsseEndpoint.java:97)
		... 20 more
20-Dec-2021 18:05:31.748 信息 [main] org.apache.catalina.startup.Catalina.load 服务器在[608]毫秒内初始化
20-Dec-2021 18:05:31.786 信息 [main] org.apache.catalina.core.StandardService.startInternal 正在启动服务[Catalina]
20-Dec-2021 18:05:31.786 信息 [main] org.apache.catalina.core.StandardEngine.startInternal 正在启动 Servlet 引擎：[Apache Tomcat/9.0.56]
20-Dec-2021 18:05:31.796 信息 [main] org.apache.catalina.startup.HostConfig.deployDirectory 把web 应用程序部署到目录 [E:\coding_files\apache-tomcat-9.0.56\webapps\docs]
20-Dec-2021 18:05:32.348 警告 [main] org.apache.catalina.util.SessionIdGeneratorBase.createSecureRandom 使用[SHA1PRNG]创建会话ID生成的SecureRandom实例花费了[334]毫秒。
20-Dec-2021 18:05:32.373 信息 [main] org.apache.catalina.startup.HostConfig.deployDirectory Web应用程序目录[E:\coding_files\apache-tomcat-9.0.56\webapps\docs]的部署已在[577]毫秒内完成
20-Dec-2021 18:05:32.373 信息 [main] org.apache.catalina.startup.HostConfig.deployDirectory 把web 应用程序部署到目录 [E:\coding_files\apache-tomcat-9.0.56\webapps\examples]
20-Dec-2021 18:05:33.692 信息 [main] org.apache.catalina.startup.HostConfig.deployDirectory Web应用程序目录[E:\coding_files\apache-tomcat-9.0.56\webapps\examples]的部署已在[1,319]毫秒内完成
20-Dec-2021 18:05:33.693 信息 [main] org.apache.catalina.startup.HostConfig.deployDirectory 把web 应用程序部署到目录 [E:\coding_files\apache-tomcat-9.0.56\webapps\host-manager]
20-Dec-2021 18:05:33.737 信息 [main] org.apache.catalina.startup.HostConfig.deployDirectory Web应用程序目录[E:\coding_files\apache-tomcat-9.0.56\webapps\host-manager]的部署已在[45]毫秒内完成
20-Dec-2021 18:05:33.738 信息 [main] org.apache.catalina.startup.HostConfig.deployDirectory 把web 应用程序部署到目录 [E:\coding_files\apache-tomcat-9.0.56\webapps\JavaWeb_war]
20-Dec-2021 18:05:33.770 信息 [main] org.apache.catalina.startup.HostConfig.deployDirectory Web应用程序目录[E:\coding_files\apache-tomcat-9.0.56\webapps\JavaWeb_war]的部署已在[31]毫秒内完成
20-Dec-2021 18:05:33.770 信息 [main] org.apache.catalina.startup.HostConfig.deployDirectory 把web 应用程序部署到目录 [E:\coding_files\apache-tomcat-9.0.56\webapps\LEo]
20-Dec-2021 18:05:33.800 信息 [main] org.apache.catalina.startup.HostConfig.deployDirectory Web应用程序目录[E:\coding_files\apache-tomcat-9.0.56\webapps\LEo]的部署已在[30]毫秒内完成
20-Dec-2021 18:05:33.800 信息 [main] org.apache.catalina.startup.HostConfig.deployDirectory 把web 应用程序部署到目录 [E:\coding_files\apache-tomcat-9.0.56\webapps\manager]
20-Dec-2021 18:05:33.834 信息 [main] org.apache.catalina.startup.HostConfig.deployDirectory Web应用程序目录[E:\coding_files\apache-tomcat-9.0.56\webapps\manager]的部署已在[33]毫秒内完成
20-Dec-2021 18:05:33.834 信息 [main] org.apache.catalina.startup.HostConfig.deployDirectory 把web 应用程序部署到目录 [E:\coding_files\apache-tomcat-9.0.56\webapps\ROOT]
20-Dec-2021 18:05:33.862 信息 [main] org.apache.catalina.startup.HostConfig.deployDirectory Web应用程序目录[E:\coding_files\apache-tomcat-9.0.56\webapps\ROOT]的部署已在[27]毫秒内完成
20-Dec-2021 18:05:33.867 信息 [main] org.apache.catalina.startup.Catalina.start [2116]毫秒后服务器启动
