22-Dec-2021 10:25:30.478 信息 [main] org.apache.catalina.core.ApplicationContext.log No Spring WebApplicationInitializer types detected on classpath
22-Dec-2021 10:25:30.528 信息 [main] org.apache.catalina.core.ApplicationContext.log Initializing Spring root WebApplicationContext
22-Dec-2021 10:25:33.196 信息 [main] org.apache.catalina.core.ApplicationContext.log Initializing Spring FrameworkServlet 'springMVC'
22-Dec-2021 10:25:37.397 信息 [main] org.apache.catalina.core.ApplicationContext.log No Spring WebApplicationInitializer types detected on classpath
22-Dec-2021 10:25:37.443 信息 [main] org.apache.catalina.core.ApplicationContext.log Initializing Spring root WebApplicationContext
22-Dec-2021 10:25:39.435 信息 [main] org.apache.catalina.core.ApplicationContext.log Initializing Spring FrameworkServlet 'springMVC'
22-Dec-2021 10:25:40.780 信息 [main] org.apache.catalina.core.ApplicationContext.log ContextListener: contextInitialized()
22-Dec-2021 10:25:40.780 信息 [main] org.apache.catalina.core.ApplicationContext.log SessionListener: contextInitialized()
22-Dec-2021 10:25:40.782 信息 [main] org.apache.catalina.core.ApplicationContext.log ContextListener: attributeAdded('StockTicker', 'async.Stockticker@4c1c7d22')
22-Dec-2021 10:25:46.245 严重 [http-nio-8080-exec-8] org.apache.catalina.core.StandardWrapperValve.invoke 在路径为/resale的上下文中，Servlet[springMVC]的Servlet.service（）引发了具有根本原因的异常Request processing failed; nested exception is org.mybatis.spring.MyBatisSystemException: nested exception is org.apache.ibatis.exceptions.PersistenceException: 
### Error querying database.  Cause: org.springframework.jdbc.CannotGetJdbcConnectionException: Could not get JDBC Connection; nested exception is org.apache.commons.dbcp.SQLNestedException: Cannot create PoolableConnectionFactory (Access denied for user 'root'@'localhost' (using password: YES))
### The error may exist in file [E:\coding_files\apache-tomcat-9.0.56\webapps\resale\WEB-INF\classes\com\hotel\sqlmapper\UserMapper.xml]
### The error may involve com.hotel.dao.UserDao.getUsers
### The error occurred while executing a query
### Cause: org.springframework.jdbc.CannotGetJdbcConnectionException: Could not get JDBC Connection; nested exception is org.apache.commons.dbcp.SQLNestedException: Cannot create PoolableConnectionFactory (Access denied for user 'root'@'localhost' (using password: YES))
	java.sql.SQLException: Access denied for user 'root'@'localhost' (using password: YES)
		at com.mysql.jdbc.SQLError.createSQLException(SQLError.java:1055)
		at com.mysql.jdbc.SQLError.createSQLException(SQLError.java:956)
		at com.mysql.jdbc.MysqlIO.checkErrorPacket(MysqlIO.java:3558)
		at com.mysql.jdbc.MysqlIO.checkErrorPacket(MysqlIO.java:3490)
		at com.mysql.jdbc.MysqlIO.checkErrorPacket(MysqlIO.java:919)
		at com.mysql.jdbc.MysqlIO.secureAuth411(MysqlIO.java:3996)
		at com.mysql.jdbc.MysqlIO.doHandshake(MysqlIO.java:1284)
		at com.mysql.jdbc.ConnectionImpl.createNewIO(ConnectionImpl.java:2142)
		at com.mysql.jdbc.ConnectionImpl.<init>(ConnectionImpl.java:781)
		at com.mysql.jdbc.JDBC4Connection.<init>(JDBC4Connection.java:46)
		at sun.reflect.NativeConstructorAccessorImpl.newInstance0(Native Method)
		at sun.reflect.NativeConstructorAccessorImpl.newInstance(NativeConstructorAccessorImpl.java:62)
		at sun.reflect.DelegatingConstructorAccessorImpl.newInstance(DelegatingConstructorAccessorImpl.java:45)
		at java.lang.reflect.Constructor.newInstance(Constructor.java:423)
		at com.mysql.jdbc.Util.handleNewInstance(Util.java:406)
		at com.mysql.jdbc.ConnectionImpl.getInstance(ConnectionImpl.java:352)
		at com.mysql.jdbc.NonRegisteringDriver.connect(NonRegisteringDriver.java:284)
		at org.apache.commons.dbcp.DriverConnectionFactory.createConnection(DriverConnectionFactory.java:38)
		at org.apache.commons.dbcp.PoolableConnectionFactory.makeObject(PoolableConnectionFactory.java:294)
		at org.apache.commons.dbcp.BasicDataSource.validateConnectionFactory(BasicDataSource.java:1247)
		at org.apache.commons.dbcp.BasicDataSource.createDataSource(BasicDataSource.java:1221)
		at org.apache.commons.dbcp.BasicDataSource.getConnection(BasicDataSource.java:880)
		at org.springframework.jdbc.datasource.DataSourceUtils.doGetConnection(DataSourceUtils.java:111)
		at org.springframework.jdbc.datasource.DataSourceUtils.getConnection(DataSourceUtils.java:77)
		at org.mybatis.spring.transaction.SpringManagedTransaction.openConnection(SpringManagedTransaction.java:80)
		at org.mybatis.spring.transaction.SpringManagedTransaction.getConnection(SpringManagedTransaction.java:66)
		at org.apache.ibatis.executor.BaseExecutor.getConnection(BaseExecutor.java:279)
		at org.apache.ibatis.executor.SimpleExecutor.prepareStatement(SimpleExecutor.java:69)
		at org.apache.ibatis.executor.SimpleExecutor.doQuery(SimpleExecutor.java:56)
		at org.apache.ibatis.executor.BaseExecutor.queryFromDatabase(BaseExecutor.java:267)
		at org.apache.ibatis.executor.BaseExecutor.query(BaseExecutor.java:141)
		at org.apache.ibatis.executor.CachingExecutor.query(CachingExecutor.java:105)
		at com.github.pagehelper.PageInterceptor.intercept(PageInterceptor.java:141)
		at org.apache.ibatis.plugin.Plugin.invoke(Plugin.java:57)
		at com.sun.proxy.$Proxy45.query(Unknown Source)
		at org.apache.ibatis.session.defaults.DefaultSqlSession.selectList(DefaultSqlSession.java:101)
		at org.apache.ibatis.session.defaults.DefaultSqlSession.selectList(DefaultSqlSession.java:95)
		at org.apache.ibatis.session.defaults.DefaultSqlSession.selectOne(DefaultSqlSession.java:59)
		at sun.reflect.NativeMethodAccessorImpl.invoke0(Native Method)
		at sun.reflect.NativeMethodAccessorImpl.invoke(NativeMethodAccessorImpl.java:62)
		at sun.reflect.DelegatingMethodAccessorImpl.invoke(DelegatingMethodAccessorImpl.java:43)
		at java.lang.reflect.Method.invoke(Method.java:498)
		at org.mybatis.spring.SqlSessionTemplate$SqlSessionInterceptor.invoke(SqlSessionTemplate.java:355)
		at com.sun.proxy.$Proxy28.selectOne(Unknown Source)
		at org.mybatis.spring.SqlSessionTemplate.selectOne(SqlSessionTemplate.java:160)
		at org.apache.ibatis.binding.MapperMethod.execute(MapperMethod.java:95)
		at org.apache.ibatis.binding.MapperProxy.invoke(MapperProxy.java:40)
		at com.sun.proxy.$Proxy32.getUsers(Unknown Source)
		at com.hotel.service.impl.UserServiceImpl.getUsers(UserServiceImpl.java:20)
		at com.hotel.controller.UserController.ajaxLogin(UserController.java:39)
		at sun.reflect.NativeMethodAccessorImpl.invoke0(Native Method)
		at sun.reflect.NativeMethodAccessorImpl.invoke(NativeMethodAccessorImpl.java:62)
		at sun.reflect.DelegatingMethodAccessorImpl.invoke(DelegatingMethodAccessorImpl.java:43)
		at java.lang.reflect.Method.invoke(Method.java:498)
		at org.springframework.web.method.support.InvocableHandlerMethod.invoke(InvocableHandlerMethod.java:213)
		at org.springframework.web.method.support.InvocableHandlerMethod.invokeForRequest(InvocableHandlerMethod.java:126)
		at org.springframework.web.servlet.mvc.method.annotation.ServletInvocableHandlerMethod.invokeAndHandle(ServletInvocableHandlerMethod.java:96)
		at org.springframework.web.servlet.mvc.method.annotation.RequestMappingHandlerAdapter.invokeHandlerMethod(RequestMappingHandlerAdapter.java:617)
		at org.springframework.web.servlet.mvc.method.annotation.RequestMappingHandlerAdapter.handleInternal(RequestMappingHandlerAdapter.java:578)
		at org.springframework.web.servlet.mvc.method.AbstractHandlerMethodAdapter.handle(AbstractHandlerMethodAdapter.java:80)
		at org.springframework.web.servlet.DispatcherServlet.doDispatch(DispatcherServlet.java:923)
		at org.springframework.web.servlet.DispatcherServlet.doService(DispatcherServlet.java:852)
		at org.springframework.web.servlet.FrameworkServlet.processRequest(FrameworkServlet.java:882)
		at org.springframework.web.servlet.FrameworkServlet.doPost(FrameworkServlet.java:789)
		at javax.servlet.http.HttpServlet.service(HttpServlet.java:681)
		at javax.servlet.http.HttpServlet.service(HttpServlet.java:764)
		at org.apache.catalina.core.ApplicationFilterChain.internalDoFilter(ApplicationFilterChain.java:227)
		at org.apache.catalina.core.ApplicationFilterChain.doFilter(ApplicationFilterChain.java:162)
		at org.apache.tomcat.websocket.server.WsFilter.doFilter(WsFilter.java:53)
		at org.apache.catalina.core.ApplicationFilterChain.internalDoFilter(ApplicationFilterChain.java:189)
		at org.apache.catalina.core.ApplicationFilterChain.doFilter(ApplicationFilterChain.java:162)
		at org.apache.catalina.core.StandardWrapperValve.invoke(StandardWrapperValve.java:197)
		at org.apache.catalina.core.StandardContextValve.invoke(StandardContextValve.java:97)
		at org.apache.catalina.authenticator.AuthenticatorBase.invoke(AuthenticatorBase.java:540)
		at org.apache.catalina.core.StandardHostValve.invoke(StandardHostValve.java:135)
		at org.apache.catalina.valves.ErrorReportValve.invoke(ErrorReportValve.java:92)
		at org.apache.catalina.valves.AbstractAccessLogValve.invoke(AbstractAccessLogValve.java:687)
		at org.apache.catalina.core.StandardEngineValve.invoke(StandardEngineValve.java:78)
		at org.apache.catalina.connector.CoyoteAdapter.service(CoyoteAdapter.java:357)
		at org.apache.coyote.http11.Http11Processor.service(Http11Processor.java:382)
		at org.apache.coyote.AbstractProcessorLight.process(AbstractProcessorLight.java:65)
		at org.apache.coyote.AbstractProtocol$ConnectionHandler.process(AbstractProtocol.java:895)
		at org.apache.tomcat.util.net.NioEndpoint$SocketProcessor.doRun(NioEndpoint.java:1732)
		at org.apache.tomcat.util.net.SocketProcessorBase.run(SocketProcessorBase.java:49)
		at org.apache.tomcat.util.threads.ThreadPoolExecutor.runWorker(ThreadPoolExecutor.java:1191)
		at org.apache.tomcat.util.threads.ThreadPoolExecutor$Worker.run(ThreadPoolExecutor.java:659)
		at org.apache.tomcat.util.threads.TaskThread$WrappingRunnable.run(TaskThread.java:61)
		at java.lang.Thread.run(Thread.java:748)
22-Dec-2021 10:43:53.251 信息 [main] org.apache.catalina.core.ApplicationContext.log No Spring WebApplicationInitializer types detected on classpath
22-Dec-2021 10:43:53.311 信息 [main] org.apache.catalina.core.ApplicationContext.log Initializing Spring root WebApplicationContext
22-Dec-2021 10:43:56.049 信息 [main] org.apache.catalina.core.ApplicationContext.log Initializing Spring FrameworkServlet 'springMVC'
22-Dec-2021 10:43:58.745 信息 [main] org.apache.catalina.core.ApplicationContext.log No Spring WebApplicationInitializer types detected on classpath
22-Dec-2021 10:43:58.805 信息 [main] org.apache.catalina.core.ApplicationContext.log Initializing Spring root WebApplicationContext
22-Dec-2021 10:44:00.932 信息 [main] org.apache.catalina.core.ApplicationContext.log Initializing Spring FrameworkServlet 'springMVC'
22-Dec-2021 10:44:01.373 信息 [main] org.apache.catalina.core.ApplicationContext.log ContextListener: contextInitialized()
22-Dec-2021 10:44:01.373 信息 [main] org.apache.catalina.core.ApplicationContext.log SessionListener: contextInitialized()
22-Dec-2021 10:44:01.375 信息 [main] org.apache.catalina.core.ApplicationContext.log ContextListener: attributeAdded('StockTicker', 'async.Stockticker@4ebc7918')
22-Dec-2021 10:44:37.244 严重 [http-nio-8080-exec-4] org.apache.catalina.core.StandardWrapperValve.invoke 在路径为/hotelManagement的上下文中，Servlet[springMVC]的Servlet.service（）引发了具有根本原因的异常Request processing failed; nested exception is org.springframework.jdbc.BadSqlGrammarException: 
### Error querying database.  Cause: com.mysql.jdbc.exceptions.jdbc4.MySQLSyntaxErrorException: Table 'hotel.user' doesn't exist
### The error may exist in file [E:\coding_files\apache-tomcat-9.0.56\webapps\hotelManagement\WEB-INF\classes\com\hotel\sqlmapper\UserMapper.xml]
### The error may involve com.hotel.dao.UserDao.getUsers-Inline
### The error occurred while setting parameters
### SQL: SELECT count(*) FROM user where username = ? and password = ?
### Cause: com.mysql.jdbc.exceptions.jdbc4.MySQLSyntaxErrorException: Table 'hotel.user' doesn't exist
; bad SQL grammar []; nested exception is com.mysql.jdbc.exceptions.jdbc4.MySQLSyntaxErrorException: Table 'hotel.user' doesn't exist
	com.mysql.jdbc.exceptions.jdbc4.MySQLSyntaxErrorException: Table 'hotel.user' doesn't exist
		at sun.reflect.NativeConstructorAccessorImpl.newInstance0(Native Method)
		at sun.reflect.NativeConstructorAccessorImpl.newInstance(NativeConstructorAccessorImpl.java:62)
		at sun.reflect.DelegatingConstructorAccessorImpl.newInstance(DelegatingConstructorAccessorImpl.java:45)
		at java.lang.reflect.Constructor.newInstance(Constructor.java:423)
		at com.mysql.jdbc.Util.handleNewInstance(Util.java:406)
		at com.mysql.jdbc.Util.getInstance(Util.java:381)
		at com.mysql.jdbc.SQLError.createSQLException(SQLError.java:1030)
		at com.mysql.jdbc.SQLError.createSQLException(SQLError.java:956)
		at com.mysql.jdbc.MysqlIO.checkErrorPacket(MysqlIO.java:3558)
		at com.mysql.jdbc.MysqlIO.checkErrorPacket(MysqlIO.java:3490)
		at com.mysql.jdbc.MysqlIO.sendCommand(MysqlIO.java:1959)
		at com.mysql.jdbc.MysqlIO.sqlQueryDirect(MysqlIO.java:2109)
		at com.mysql.jdbc.ConnectionImpl.execSQL(ConnectionImpl.java:2648)
		at com.mysql.jdbc.PreparedStatement.executeInternal(PreparedStatement.java:2077)
		at com.mysql.jdbc.PreparedStatement.execute(PreparedStatement.java:1356)
		at org.apache.commons.dbcp.DelegatingPreparedStatement.execute(DelegatingPreparedStatement.java:169)
		at sun.reflect.NativeMethodAccessorImpl.invoke0(Native Method)
		at sun.reflect.NativeMethodAccessorImpl.invoke(NativeMethodAccessorImpl.java:62)
		at sun.reflect.DelegatingMethodAccessorImpl.invoke(DelegatingMethodAccessorImpl.java:43)
		at java.lang.reflect.Method.invoke(Method.java:498)
		at org.apache.ibatis.logging.jdbc.PreparedStatementLogger.invoke(PreparedStatementLogger.java:58)
		at com.sun.proxy.$Proxy47.execute(Unknown Source)
		at org.apache.ibatis.executor.statement.PreparedStatementHandler.query(PreparedStatementHandler.java:56)
		at org.apache.ibatis.executor.statement.RoutingStatementHandler.query(RoutingStatementHandler.java:70)
		at org.apache.ibatis.executor.SimpleExecutor.doQuery(SimpleExecutor.java:57)
		at org.apache.ibatis.executor.BaseExecutor.queryFromDatabase(BaseExecutor.java:267)
		at org.apache.ibatis.executor.BaseExecutor.query(BaseExecutor.java:141)
		at org.apache.ibatis.executor.CachingExecutor.query(CachingExecutor.java:105)
		at com.github.pagehelper.PageInterceptor.intercept(PageInterceptor.java:141)
		at org.apache.ibatis.plugin.Plugin.invoke(Plugin.java:57)
		at com.sun.proxy.$Proxy45.query(Unknown Source)
		at org.apache.ibatis.session.defaults.DefaultSqlSession.selectList(DefaultSqlSession.java:101)
		at org.apache.ibatis.session.defaults.DefaultSqlSession.selectList(DefaultSqlSession.java:95)
		at org.apache.ibatis.session.defaults.DefaultSqlSession.selectOne(DefaultSqlSession.java:59)
		at sun.reflect.NativeMethodAccessorImpl.invoke0(Native Method)
		at sun.reflect.NativeMethodAccessorImpl.invoke(NativeMethodAccessorImpl.java:62)
		at sun.reflect.DelegatingMethodAccessorImpl.invoke(DelegatingMethodAccessorImpl.java:43)
		at java.lang.reflect.Method.invoke(Method.java:498)
		at org.mybatis.spring.SqlSessionTemplate$SqlSessionInterceptor.invoke(SqlSessionTemplate.java:355)
		at com.sun.proxy.$Proxy13.selectOne(Unknown Source)
		at org.mybatis.spring.SqlSessionTemplate.selectOne(SqlSessionTemplate.java:160)
		at org.apache.ibatis.binding.MapperMethod.execute(MapperMethod.java:95)
		at org.apache.ibatis.binding.MapperProxy.invoke(MapperProxy.java:40)
		at com.sun.proxy.$Proxy16.getUsers(Unknown Source)
		at com.hotel.service.impl.UserServiceImpl.getUsers(UserServiceImpl.java:20)
		at com.hotel.controller.UserController.ajaxLogin(UserController.java:39)
		at sun.reflect.NativeMethodAccessorImpl.invoke0(Native Method)
		at sun.reflect.NativeMethodAccessorImpl.invoke(NativeMethodAccessorImpl.java:62)
		at sun.reflect.DelegatingMethodAccessorImpl.invoke(DelegatingMethodAccessorImpl.java:43)
		at java.lang.reflect.Method.invoke(Method.java:498)
		at org.springframework.web.method.support.InvocableHandlerMethod.invoke(InvocableHandlerMethod.java:213)
		at org.springframework.web.method.support.InvocableHandlerMethod.invokeForRequest(InvocableHandlerMethod.java:126)
		at org.springframework.web.servlet.mvc.method.annotation.ServletInvocableHandlerMethod.invokeAndHandle(ServletInvocableHandlerMethod.java:96)
		at org.springframework.web.servlet.mvc.method.annotation.RequestMappingHandlerAdapter.invokeHandlerMethod(RequestMappingHandlerAdapter.java:617)
		at org.springframework.web.servlet.mvc.method.annotation.RequestMappingHandlerAdapter.handleInternal(RequestMappingHandlerAdapter.java:578)
		at org.springframework.web.servlet.mvc.method.AbstractHandlerMethodAdapter.handle(AbstractHandlerMethodAdapter.java:80)
		at org.springframework.web.servlet.DispatcherServlet.doDispatch(DispatcherServlet.java:923)
		at org.springframework.web.servlet.DispatcherServlet.doService(DispatcherServlet.java:852)
		at org.springframework.web.servlet.FrameworkServlet.processRequest(FrameworkServlet.java:882)
		at org.springframework.web.servlet.FrameworkServlet.doPost(FrameworkServlet.java:789)
		at javax.servlet.http.HttpServlet.service(HttpServlet.java:681)
		at javax.servlet.http.HttpServlet.service(HttpServlet.java:764)
		at org.apache.catalina.core.ApplicationFilterChain.internalDoFilter(ApplicationFilterChain.java:227)
		at org.apache.catalina.core.ApplicationFilterChain.doFilter(ApplicationFilterChain.java:162)
		at org.apache.tomcat.websocket.server.WsFilter.doFilter(WsFilter.java:53)
		at org.apache.catalina.core.ApplicationFilterChain.internalDoFilter(ApplicationFilterChain.java:189)
		at org.apache.catalina.core.ApplicationFilterChain.doFilter(ApplicationFilterChain.java:162)
		at org.apache.catalina.core.StandardWrapperValve.invoke(StandardWrapperValve.java:197)
		at org.apache.catalina.core.StandardContextValve.invoke(StandardContextValve.java:97)
		at org.apache.catalina.authenticator.AuthenticatorBase.invoke(AuthenticatorBase.java:540)
		at org.apache.catalina.core.StandardHostValve.invoke(StandardHostValve.java:135)
		at org.apache.catalina.valves.ErrorReportValve.invoke(ErrorReportValve.java:92)
		at org.apache.catalina.valves.AbstractAccessLogValve.invoke(AbstractAccessLogValve.java:687)
		at org.apache.catalina.core.StandardEngineValve.invoke(StandardEngineValve.java:78)
		at org.apache.catalina.connector.CoyoteAdapter.service(CoyoteAdapter.java:357)
		at org.apache.coyote.http11.Http11Processor.service(Http11Processor.java:382)
		at org.apache.coyote.AbstractProcessorLight.process(AbstractProcessorLight.java:65)
		at org.apache.coyote.AbstractProtocol$ConnectionHandler.process(AbstractProtocol.java:895)
		at org.apache.tomcat.util.net.NioEndpoint$SocketProcessor.doRun(NioEndpoint.java:1732)
		at org.apache.tomcat.util.net.SocketProcessorBase.run(SocketProcessorBase.java:49)
		at org.apache.tomcat.util.threads.ThreadPoolExecutor.runWorker(ThreadPoolExecutor.java:1191)
		at org.apache.tomcat.util.threads.ThreadPoolExecutor$Worker.run(ThreadPoolExecutor.java:659)
		at org.apache.tomcat.util.threads.TaskThread$WrappingRunnable.run(TaskThread.java:61)
		at java.lang.Thread.run(Thread.java:748)
